[2022-05-04 12:40:23.699] [exthost] [info] Extension host with pid 66858 started
[2022-05-04 12:40:23.740] [exthost] [info] ExtensionService#_doActivateExtension vscode.debug-auto-launch, startup: true, activationEvent: '*'
[2022-05-04 12:40:23.744] [exthost] [info] ExtensionService#_doActivateExtension vscode.git-base, startup: true, activationEvent: '*', root cause: vscode.git
[2022-05-04 12:40:23.747] [exthost] [info] ExtensionService#_doActivateExtension vscode.ipynb, startup: true, activationEvent: '*'
[2022-05-04 12:40:23.758] [exthost] [info] ExtensionService#_doActivateExtension vscodevim.vim, startup: true, activationEvent: '*'
[2022-05-04 12:40:23.889] [exthost] [info] ExtensionService#_doActivateExtension vscode.git, startup: true, activationEvent: '*'
[2022-05-04 12:40:23.939] [exthost] [info] ExtensionService#_doActivateExtension vscode.github, startup: true, activationEvent: '*'
[2022-05-04 12:40:23.963] [exthost] [info] Eager extensions activated
[2022-05-04 12:40:23.968] [exthost] [info] ExtensionService#_doActivateExtension vscode.emmet, startup: false, activationEvent: 'onStartupFinished'
[2022-05-04 12:40:23.981] [exthost] [info] ExtensionService#_doActivateExtension vscode.merge-conflict, startup: false, activationEvent: 'onStartupFinished'
[2022-05-04 12:40:37.473] [exthost] [info] extension host terminating: renderer closed the socket
[2022-05-04 12:40:37.478] [exthost] [error] Error: ENOENT: no such file or directory, open '/home/asito/.config/Code - OSS/User/globalStorage/vscodevim.vim/.registers'
[2022-05-04 12:40:37.478] [exthost] [info] Extension host with pid 66858 exiting with code 0
[2022-05-04 12:40:38.379] [exthost] [info] Extension host with pid 67015 started
[2022-05-04 12:40:38.379] [exthost] [info] Skipping acquiring lock for /home/asito/.config/Code - OSS/User/workspaceStorage/4926f9b18516c94223226c3bcb717a2e.
[2022-05-04 12:40:38.416] [exthost] [info] ExtensionService#_doActivateExtension vscode.debug-auto-launch, startup: true, activationEvent: '*'
[2022-05-04 12:40:38.418] [exthost] [info] ExtensionService#_doActivateExtension vscode.git-base, startup: true, activationEvent: '*'
[2022-05-04 12:40:38.420] [exthost] [info] ExtensionService#_doActivateExtension vscode.ipynb, startup: true, activationEvent: '*'
[2022-05-04 12:40:38.421] [exthost] [info] ExtensionService#_doActivateExtension vscodevim.vim, startup: true, activationEvent: '*'
[2022-05-04 12:40:38.488] [exthost] [info] ExtensionService#_doActivateExtension vscode.github, startup: true, activationEvent: '*'
[2022-05-04 12:40:38.493] [exthost] [info] Eager extensions activated
[2022-05-04 12:40:38.495] [exthost] [info] ExtensionService#_doActivateExtension vscode.emmet, startup: false, activationEvent: 'onStartupFinished'
[2022-05-04 12:40:38.499] [exthost] [info] ExtensionService#_doActivateExtension vscode.merge-conflict, startup: false, activationEvent: 'onStartupFinished'
[2022-05-04 12:40:41.754] [exthost] [info] ExtensionService#_doActivateExtension vscode.git, startup: false, activationEvent: 'api', root cause: vscode.github
[2022-05-04 12:40:50.999] [exthost] [info] ExtensionService#_doActivateExtension vscode.extension-editing, startup: false, activationEvent: 'onLanguage:markdown'
[2022-05-04 12:40:51.012] [exthost] [info] ExtensionService#_doActivateExtension vscode.markdown-language-features, startup: false, activationEvent: 'onLanguage:markdown'
[2022-05-04 12:40:51.318] [exthost] [info] ExtensionService#_doActivateExtension vscode.markdown-math, startup: false, activationEvent: 'api', root cause: vscode.markdown-language-features
[2022-05-05 01:21:39.695] [exthost] [info] extension host terminating: renderer closed the socket
[2022-05-05 01:21:39.703] [exthost] [error] Error: ENOENT: no such file or directory, open '/home/asito/.config/Code - OSS/User/globalStorage/vscodevim.vim/.registers'
[2022-05-05 01:21:39.703] [exthost] [info] Extension host with pid 67015 exiting with code 0
