[INFO] RetroArch 1.9.6 (Git 4a6dc36b1c)
[INFO] === Build =======================================
[INFO] CPU Model Name: Intel(R) Core(TM) i3-4160 CPU @ 3.60GHz
[INFO] Capabilities:  MMX MMXEXT SSE SSE2 SSE3 SSSE3 SSE4 SSE4.2 AES AVX AVX2
[INFO] Built: Jul  5 2021
[INFO] Version: 1.9.6
[INFO] Git: 4a6dc36b1c
[INFO] =================================================
[INFO] [Input]: Found input driver: "x".
[INFO] [Environ]: SET_PIXEL_FORMAT: RGB565.
[INFO] Version of libretro API: 1
[INFO] Compiled against API: 1
[INFO] [Audio]: Set audio input rate to: 48000.00 Hz.
[INFO] [Video]: Video @ 960x720
[INFO] [EGL] Found EGL client version >= 1.5, trying eglGetPlatformDisplay
[INFO] [EGL]: EGL version: 1.4
[INFO] [GLCore]: Found GL context: wayland
[INFO] [GLCore]: Detecting screen resolution 0x0.
[INFO] [EGL]: Current context: 0x563f8ebe30e0.
[INFO] [GLCore]: Vendor: Intel Open Source Technology Center, Renderer: Mesa DRI Intel(R) HD Graphics 4400 (HSW GT2).
[INFO] [GLCore]: Version: 4.5 (Core Profile) Mesa 21.1.4.
[INFO] [GLCore]: Using resolution 960x720
[INFO] [udev]: Pad #0 (/dev/input/event2) supports force feedback.
[INFO] [udev]: Pad #0 (/dev/input/event2) supports 16 force feedback effects.
[INFO] [Joypad]: Found joypad driver: "udev".
[INFO] [GLCore]: Loading stock shader.
[INFO] [slang]: Building pass #0 (N/A)
[INFO] [GLCore]: Not using frame history.
[INFO] [GLCore]: Not using framebuffer feedback.
[INFO] [Font]: Using font rendering backend: freetype.
[INFO] [Wayland]: Enabling idle inhibitor
[INFO] [Video]: Found display server: null
[INFO] [PulseAudio]: Requested 24576 bytes buffer, got 18432.
[INFO] [Display]: Found display driver: "glcore".
[ERROR] [Font]: Failed to create rendering backend: freetype.
[ERROR] [Font]: Failed to create rendering backend: stb-unicode.
[INFO] [Font]: Using font rendering backend: bitmap.
[ERROR] [Font]: Failed to create rendering backend: freetype.
[ERROR] [Font]: Failed to create rendering backend: stb-unicode.
[INFO] [Font]: Using font rendering backend: bitmap.
[ERROR] [Font]: Failed to create rendering backend: freetype.
[ERROR] [Font]: Failed to create rendering backend: stb-unicode.
[INFO] [Font]: Using font rendering backend: bitmap.
[ERROR] [Core Info] Failed to write to core info cache file: /usr/share/libretro/info/core_info.cache
[INFO] [Font]: Using font rendering backend: freetype.
[INFO] [Font]: Using font rendering backend: freetype.
[INFO] [SRAM]: SRAM will not be saved.
[INFO] [Playlist]: Loading history file: [/home/asito/.config/retroarch/content_history.lpl].
[INFO] [Playlist]: Loading history file: [/home/asito/.config/retroarch/content_music_history.lpl].
[INFO] [Playlist]: Loading history file: [/home/asito/.config/retroarch/content_video_history.lpl].
[INFO] [Playlist]: Loading history file: [/home/asito/.config/retroarch/content_image_history.lpl].
[INFO] [Playlist]: Loading favorites file: [/home/asito/.config/retroarch/content_favorites.lpl].
[INFO] [PulseAudio]: Pausing.
[ERROR] [Font]: Failed to create rendering backend: freetype.
[ERROR] [Font]: Failed to create rendering backend: stb-unicode.
[INFO] [Font]: Using font rendering backend: bitmap.
[ERROR] [Font]: Failed to create rendering backend: freetype.
[ERROR] [Font]: Failed to create rendering backend: stb-unicode.
[INFO] [Font]: Using font rendering backend: bitmap.
[ERROR] [Font]: Failed to create rendering backend: freetype.
[ERROR] [Font]: Failed to create rendering backend: stb-unicode.
[INFO] [Font]: Using font rendering backend: bitmap.
[INFO] [Font]: Using font rendering backend: freetype.
[INFO] [Font]: Using font rendering backend: freetype.
[ERROR] [Font]: Failed to create rendering backend: freetype.
[ERROR] [Font]: Failed to create rendering backend: stb-unicode.
[INFO] [Font]: Using font rendering backend: bitmap.
[ERROR] [Font]: Failed to create rendering backend: freetype.
[ERROR] [Font]: Failed to create rendering backend: stb-unicode.
[INFO] [Font]: Using font rendering backend: bitmap.
[ERROR] [Font]: Failed to create rendering backend: freetype.
[ERROR] [Font]: Failed to create rendering backend: stb-unicode.
[INFO] [Font]: Using font rendering backend: bitmap.
[ERROR] [Font]: Failed to create rendering backend: freetype.
[ERROR] [Font]: Failed to create rendering backend: stb-unicode.
[INFO] [Font]: Using font rendering backend: bitmap.
[ERROR] [Font]: Failed to create rendering backend: freetype.
[ERROR] [Font]: Failed to create rendering backend: stb-unicode.
[INFO] [Font]: Using font rendering backend: bitmap.
[ERROR] [Font]: Failed to create rendering backend: freetype.
[ERROR] [Font]: Failed to create rendering backend: stb-unicode.
[INFO] [Font]: Using font rendering backend: bitmap.
[ERROR] [Font]: Failed to create rendering backend: freetype.
[ERROR] [Font]: Failed to create rendering backend: stb-unicode.
[INFO] [Font]: Using font rendering backend: bitmap.
[ERROR] [Font]: Failed to create rendering backend: freetype.
[ERROR] [Font]: Failed to create rendering backend: stb-unicode.
[INFO] [Font]: Using font rendering backend: bitmap.
[ERROR] [Font]: Failed to create rendering backend: freetype.
[ERROR] [Font]: Failed to create rendering backend: stb-unicode.
[INFO] [Font]: Using font rendering backend: bitmap.
[ERROR] [Font]: Failed to create rendering backend: freetype.
[ERROR] [Font]: Failed to create rendering backend: stb-unicode.
[INFO] [Font]: Using font rendering backend: bitmap.
[ERROR] [Font]: Failed to create rendering backend: freetype.
[ERROR] [Font]: Failed to create rendering backend: stb-unicode.
[INFO] [Font]: Using font rendering backend: bitmap.
[ERROR] [Font]: Failed to create rendering backend: freetype.
[ERROR] [Font]: Failed to create rendering backend: stb-unicode.
[INFO] [Font]: Using font rendering backend: bitmap.
[ERROR] [Font]: Failed to create rendering backend: freetype.
[ERROR] [Font]: Failed to create rendering backend: stb-unicode.
[INFO] [Font]: Using font rendering backend: bitmap.
[ERROR] [Font]: Failed to create rendering backend: freetype.
[ERROR] [Font]: Failed to create rendering backend: stb-unicode.
[INFO] [Font]: Using font rendering backend: bitmap.
[ERROR] [Font]: Failed to create rendering backend: freetype.
[ERROR] [Font]: Failed to create rendering backend: stb-unicode.
[INFO] [Font]: Using font rendering backend: bitmap.
[ERROR] [Font]: Failed to create rendering backend: freetype.
[ERROR] [Font]: Failed to create rendering backend: stb-unicode.
[INFO] [Font]: Using font rendering backend: bitmap.
[ERROR] [Font]: Failed to create rendering backend: freetype.
[ERROR] [Font]: Failed to create rendering backend: stb-unicode.
[INFO] [Font]: Using font rendering backend: bitmap.
[ERROR] [Font]: Failed to create rendering backend: freetype.
[ERROR] [Font]: Failed to create rendering backend: stb-unicode.
[INFO] [Font]: Using font rendering backend: bitmap.
[ERROR] [Font]: Failed to create rendering backend: freetype.
[ERROR] [Font]: Failed to create rendering backend: stb-unicode.
[INFO] [Font]: Using font rendering backend: bitmap.
[ERROR] [Font]: Failed to create rendering backend: freetype.
[ERROR] [Font]: Failed to create rendering backend: stb-unicode.
[INFO] [Font]: Using font rendering backend: bitmap.
[ERROR] [Font]: Failed to create rendering backend: freetype.
[ERROR] [Font]: Failed to create rendering backend: stb-unicode.
[INFO] [Font]: Using font rendering backend: bitmap.
[ERROR] [Font]: Failed to create rendering backend: freetype.
[ERROR] [Font]: Failed to create rendering backend: stb-unicode.
[INFO] [Font]: Using font rendering backend: bitmap.
[ERROR] [Font]: Failed to create rendering backend: freetype.
[ERROR] [Font]: Failed to create rendering backend: stb-unicode.
[INFO] [Font]: Using font rendering backend: bitmap.
[ERROR] [Font]: Failed to create rendering backend: freetype.
[ERROR] [Font]: Failed to create rendering backend: stb-unicode.
[INFO] [Font]: Using font rendering backend: bitmap.
[ERROR] [Font]: Failed to create rendering backend: freetype.
[ERROR] [Font]: Failed to create rendering backend: stb-unicode.
[INFO] [Font]: Using font rendering backend: bitmap.
[ERROR] [Font]: Failed to create rendering backend: freetype.
[ERROR] [Font]: Failed to create rendering backend: stb-unicode.
[INFO] [Font]: Using font rendering backend: bitmap.
[ERROR] [Font]: Failed to create rendering backend: freetype.
[ERROR] [Font]: Failed to create rendering backend: stb-unicode.
[INFO] [Font]: Using font rendering backend: bitmap.
[ERROR] [Font]: Failed to create rendering backend: freetype.
[ERROR] [Font]: Failed to create rendering backend: stb-unicode.
[INFO] [Font]: Using font rendering backend: bitmap.
[ERROR] [Font]: Failed to create rendering backend: freetype.
[ERROR] [Font]: Failed to create rendering backend: stb-unicode.
[INFO] [Font]: Using font rendering backend: bitmap.
[ERROR] [Font]: Failed to create rendering backend: freetype.
[ERROR] [Font]: Failed to create rendering backend: stb-unicode.
[INFO] [Font]: Using font rendering backend: bitmap.
[ERROR] [Font]: Failed to create rendering backend: freetype.
[ERROR] [Font]: Failed to create rendering backend: stb-unicode.
[INFO] [Font]: Using font rendering backend: bitmap.
[ERROR] [Font]: Failed to create rendering backend: freetype.
[ERROR] [Font]: Failed to create rendering backend: stb-unicode.
[INFO] [Font]: Using font rendering backend: bitmap.
[ERROR] [Font]: Failed to create rendering backend: freetype.
[ERROR] [Font]: Failed to create rendering backend: stb-unicode.
[INFO] [Font]: Using font rendering backend: bitmap.
[ERROR] [Font]: Failed to create rendering backend: freetype.
[ERROR] [Font]: Failed to create rendering backend: stb-unicode.
[INFO] [Font]: Using font rendering backend: bitmap.
[ERROR] [Font]: Failed to create rendering backend: freetype.
[ERROR] [Font]: Failed to create rendering backend: stb-unicode.
[INFO] [Font]: Using font rendering backend: bitmap.
[ERROR] [Font]: Failed to create rendering backend: freetype.
[ERROR] [Font]: Failed to create rendering backend: stb-unicode.
[INFO] [Font]: Using font rendering backend: bitmap.
[ERROR] [Font]: Failed to create rendering backend: freetype.
[ERROR] [Font]: Failed to create rendering backend: stb-unicode.
[INFO] [Font]: Using font rendering backend: bitmap.
[ERROR] [Font]: Failed to create rendering backend: freetype.
[ERROR] [Font]: Failed to create rendering backend: stb-unicode.
[INFO] [Font]: Using font rendering backend: bitmap.
[ERROR] [Font]: Failed to create rendering backend: freetype.
[ERROR] [Font]: Failed to create rendering backend: stb-unicode.
[INFO] [Font]: Using font rendering backend: bitmap.
[ERROR] [Font]: Failed to create rendering backend: freetype.
[ERROR] [Font]: Failed to create rendering backend: stb-unicode.
[INFO] [Font]: Using font rendering backend: bitmap.
[ERROR] [Font]: Failed to create rendering backend: freetype.
[ERROR] [Font]: Failed to create rendering backend: stb-unicode.
[INFO] [Font]: Using font rendering backend: bitmap.
[ERROR] [Font]: Failed to create rendering backend: freetype.
[ERROR] [Font]: Failed to create rendering backend: stb-unicode.
[INFO] [Font]: Using font rendering backend: bitmap.
[ERROR] [Font]: Failed to create rendering backend: freetype.
[ERROR] [Font]: Failed to create rendering backend: stb-unicode.
[INFO] [Font]: Using font rendering backend: bitmap.
[ERROR] [Font]: Failed to create rendering backend: freetype.
[ERROR] [Font]: Failed to create rendering backend: stb-unicode.
[INFO] [Font]: Using font rendering backend: bitmap.
[ERROR] [Font]: Failed to create rendering backend: freetype.
[ERROR] [Font]: Failed to create rendering backend: stb-unicode.
[INFO] [Font]: Using font rendering backend: bitmap.
[ERROR] [Font]: Failed to create rendering backend: freetype.
[ERROR] [Font]: Failed to create rendering backend: stb-unicode.
[INFO] [Font]: Using font rendering backend: bitmap.
[ERROR] [Font]: Failed to create rendering backend: freetype.
[ERROR] [Font]: Failed to create rendering backend: stb-unicode.
[INFO] [Font]: Using font rendering backend: bitmap.
[ERROR] [Font]: Failed to create rendering backend: freetype.
[ERROR] [Font]: Failed to create rendering backend: stb-unicode.
[INFO] [Font]: Using font rendering backend: bitmap.
[ERROR] [Font]: Failed to create rendering backend: freetype.
[ERROR] [Font]: Failed to create rendering backend: stb-unicode.
[INFO] [Font]: Using font rendering backend: bitmap.
[ERROR] [Font]: Failed to create rendering backend: freetype.
[ERROR] [Font]: Failed to create rendering backend: stb-unicode.
[INFO] [Font]: Using font rendering backend: bitmap.
[ERROR] [Font]: Failed to create rendering backend: freetype.
[ERROR] [Font]: Failed to create rendering backend: stb-unicode.
[INFO] [Font]: Using font rendering backend: bitmap.
[ERROR] [Font]: Failed to create rendering backend: freetype.
[ERROR] [Font]: Failed to create rendering backend: stb-unicode.
[INFO] [Font]: Using font rendering backend: bitmap.
[ERROR] [Font]: Failed to create rendering backend: freetype.
[ERROR] [Font]: Failed to create rendering backend: stb-unicode.
[INFO] [Font]: Using font rendering backend: bitmap.
[ERROR] [Font]: Failed to create rendering backend: freetype.
[ERROR] [Font]: Failed to create rendering backend: stb-unicode.
[INFO] [Font]: Using font rendering backend: bitmap.
[ERROR] [Font]: Failed to create rendering backend: freetype.
[ERROR] [Font]: Failed to create rendering backend: stb-unicode.
[INFO] [Font]: Using font rendering backend: bitmap.
[ERROR] [Font]: Failed to create rendering backend: freetype.
[ERROR] [Font]: Failed to create rendering backend: stb-unicode.
[INFO] [Font]: Using font rendering backend: bitmap.
[ERROR] [Font]: Failed to create rendering backend: freetype.
[ERROR] [Font]: Failed to create rendering backend: stb-unicode.
[INFO] [Font]: Using font rendering backend: bitmap.
[ERROR] [Font]: Failed to create rendering backend: freetype.
[ERROR] [Font]: Failed to create rendering backend: stb-unicode.
[INFO] [Font]: Using font rendering backend: bitmap.
[ERROR] [Font]: Failed to create rendering backend: freetype.
[ERROR] [Font]: Failed to create rendering backend: stb-unicode.
[INFO] [Font]: Using font rendering backend: bitmap.
[ERROR] [Font]: Failed to create rendering backend: freetype.
[ERROR] [Font]: Failed to create rendering backend: stb-unicode.
[INFO] [Font]: Using font rendering backend: bitmap.
[ERROR] [Font]: Failed to create rendering backend: freetype.
[ERROR] [Font]: Failed to create rendering backend: stb-unicode.
[INFO] [Font]: Using font rendering backend: bitmap.
[ERROR] [Font]: Failed to create rendering backend: freetype.
[ERROR] [Font]: Failed to create rendering backend: stb-unicode.
[INFO] [Font]: Using font rendering backend: bitmap.
[ERROR] [Font]: Failed to create rendering backend: freetype.
[ERROR] [Font]: Failed to create rendering backend: stb-unicode.
[INFO] [Font]: Using font rendering backend: bitmap.
[ERROR] [Font]: Failed to create rendering backend: freetype.
[ERROR] [Font]: Failed to create rendering backend: stb-unicode.
[INFO] [Font]: Using font rendering backend: bitmap.
[ERROR] [Font]: Failed to create rendering backend: freetype.
[ERROR] [Font]: Failed to create rendering backend: stb-unicode.
[INFO] [Font]: Using font rendering backend: bitmap.
[ERROR] [Font]: Failed to create rendering backend: freetype.
[ERROR] [Font]: Failed to create rendering backend: stb-unicode.
[INFO] [Font]: Using font rendering backend: bitmap.
[ERROR] [Font]: Failed to create rendering backend: freetype.
[ERROR] [Font]: Failed to create rendering backend: stb-unicode.
[INFO] [Font]: Using font rendering backend: bitmap.
[ERROR] [Font]: Failed to create rendering backend: freetype.
[ERROR] [Font]: Failed to create rendering backend: stb-unicode.
[INFO] [Font]: Using font rendering backend: bitmap.
[ERROR] [Font]: Failed to create rendering backend: freetype.
[ERROR] [Font]: Failed to create rendering backend: stb-unicode.
[INFO] [Font]: Using font rendering backend: bitmap.
[ERROR] [Font]: Failed to create rendering backend: freetype.
[ERROR] [Font]: Failed to create rendering backend: stb-unicode.
[INFO] [Font]: Using font rendering backend: bitmap.
[ERROR] [Font]: Failed to create rendering backend: freetype.
[ERROR] [Font]: Failed to create rendering backend: stb-unicode.
[INFO] [Font]: Using font rendering backend: bitmap.
[ERROR] [Font]: Failed to create rendering backend: freetype.
[ERROR] [Font]: Failed to create rendering backend: stb-unicode.
[INFO] [Font]: Using font rendering backend: bitmap.
[ERROR] [Font]: Failed to create rendering backend: freetype.
[ERROR] [Font]: Failed to create rendering backend: stb-unicode.
[INFO] [Font]: Using font rendering backend: bitmap.
[ERROR] [Font]: Failed to create rendering backend: freetype.
[ERROR] [Font]: Failed to create rendering backend: stb-unicode.
[INFO] [Font]: Using font rendering backend: bitmap.
[ERROR] [Font]: Failed to create rendering backend: freetype.
[ERROR] [Font]: Failed to create rendering backend: stb-unicode.
[INFO] [Font]: Using font rendering backend: bitmap.
[ERROR] [Font]: Failed to create rendering backend: freetype.
[ERROR] [Font]: Failed to create rendering backend: stb-unicode.
[INFO] [Font]: Using font rendering backend: bitmap.
[ERROR] [Font]: Failed to create rendering backend: freetype.
[ERROR] [Font]: Failed to create rendering backend: stb-unicode.
[INFO] [Font]: Using font rendering backend: bitmap.
[ERROR] [Font]: Failed to create rendering backend: freetype.
[ERROR] [Font]: Failed to create rendering backend: stb-unicode.
[INFO] [Font]: Using font rendering backend: bitmap.
[ERROR] [Font]: Failed to create rendering backend: freetype.
[ERROR] [Font]: Failed to create rendering backend: stb-unicode.
[INFO] [Font]: Using font rendering backend: bitmap.
[ERROR] [Font]: Failed to create rendering backend: freetype.
[ERROR] [Font]: Failed to create rendering backend: stb-unicode.
[INFO] [Font]: Using font rendering backend: bitmap.
[ERROR] [Font]: Failed to create rendering backend: freetype.
[ERROR] [Font]: Failed to create rendering backend: stb-unicode.
[INFO] [Font]: Using font rendering backend: bitmap.
[ERROR] [Font]: Failed to create rendering backend: freetype.
[ERROR] [Font]: Failed to create rendering backend: stb-unicode.
[INFO] [Font]: Using font rendering backend: bitmap.
[ERROR] [Font]: Failed to create rendering backend: freetype.
[ERROR] [Font]: Failed to create rendering backend: stb-unicode.
[INFO] [Font]: Using font rendering backend: bitmap.
[ERROR] [Font]: Failed to create rendering backend: freetype.
[ERROR] [Font]: Failed to create rendering backend: stb-unicode.
[INFO] [Font]: Using font rendering backend: bitmap.
[ERROR] [Font]: Failed to create rendering backend: freetype.
[ERROR] [Font]: Failed to create rendering backend: stb-unicode.
[INFO] [Font]: Using font rendering backend: bitmap.
[ERROR] [Font]: Failed to create rendering backend: freetype.
[ERROR] [Font]: Failed to create rendering backend: stb-unicode.
[INFO] [Font]: Using font rendering backend: bitmap.
[ERROR] [Font]: Failed to create rendering backend: freetype.
[ERROR] [Font]: Failed to create rendering backend: stb-unicode.
[INFO] [Font]: Using font rendering backend: bitmap.
[ERROR] [Font]: Failed to create rendering backend: freetype.
[ERROR] [Font]: Failed to create rendering backend: stb-unicode.
[INFO] [Font]: Using font rendering backend: bitmap.
[ERROR] [Font]: Failed to create rendering backend: freetype.
[ERROR] [Font]: Failed to create rendering backend: stb-unicode.
[INFO] [Font]: Using font rendering backend: bitmap.
[ERROR] [Font]: Failed to create rendering backend: freetype.
[ERROR] [Font]: Failed to create rendering backend: stb-unicode.
[INFO] [Font]: Using font rendering backend: bitmap.
[ERROR] [Font]: Failed to create rendering backend: freetype.
[ERROR] [Font]: Failed to create rendering backend: stb-unicode.
[INFO] [Font]: Using font rendering backend: bitmap.
[ERROR] [Font]: Failed to create rendering backend: freetype.
[ERROR] [Font]: Failed to create rendering backend: stb-unicode.
[INFO] [Font]: Using font rendering backend: bitmap.
[ERROR] [Font]: Failed to create rendering backend: freetype.
[ERROR] [Font]: Failed to create rendering backend: stb-unicode.
[INFO] [Font]: Using font rendering backend: bitmap.
[ERROR] [Font]: Failed to create rendering backend: freetype.
[ERROR] [Font]: Failed to create rendering backend: stb-unicode.
[INFO] [Font]: Using font rendering backend: bitmap.
[ERROR] [Font]: Failed to create rendering backend: freetype.
[ERROR] [Font]: Failed to create rendering backend: stb-unicode.
[INFO] [Font]: Using font rendering backend: bitmap.
[ERROR] [Font]: Failed to create rendering backend: freetype.
[ERROR] [Font]: Failed to create rendering backend: stb-unicode.
[INFO] [Font]: Using font rendering backend: bitmap.
[ERROR] [Font]: Failed to create rendering backend: freetype.
[ERROR] [Font]: Failed to create rendering backend: stb-unicode.
[INFO] [Font]: Using font rendering backend: bitmap.
[ERROR] [Font]: Failed to create rendering backend: freetype.
[ERROR] [Font]: Failed to create rendering backend: stb-unicode.
[INFO] [Font]: Using font rendering backend: bitmap.
[ERROR] [Font]: Failed to create rendering backend: freetype.
[ERROR] [Font]: Failed to create rendering backend: stb-unicode.
[INFO] [Font]: Using font rendering backend: bitmap.
[ERROR] [Font]: Failed to create rendering backend: freetype.
[ERROR] [Font]: Failed to create rendering backend: stb-unicode.
[INFO] [Font]: Using font rendering backend: bitmap.
[ERROR] [Font]: Failed to create rendering backend: freetype.
[ERROR] [Font]: Failed to create rendering backend: stb-unicode.
[INFO] [Font]: Using font rendering backend: bitmap.
[ERROR] [Font]: Failed to create rendering backend: freetype.
[ERROR] [Font]: Failed to create rendering backend: stb-unicode.
[INFO] [Font]: Using font rendering backend: bitmap.
[ERROR] [Font]: Failed to create rendering backend: freetype.
[ERROR] [Font]: Failed to create rendering backend: stb-unicode.
[INFO] [Font]: Using font rendering backend: bitmap.
[ERROR] [Font]: Failed to create rendering backend: freetype.
[ERROR] [Font]: Failed to create rendering backend: stb-unicode.
[INFO] [Font]: Using font rendering backend: bitmap.
[ERROR] [Font]: Failed to create rendering backend: freetype.
[ERROR] [Font]: Failed to create rendering backend: stb-unicode.
[INFO] [Font]: Using font rendering backend: bitmap.
[ERROR] [Font]: Failed to create rendering backend: freetype.
[ERROR] [Font]: Failed to create rendering backend: stb-unicode.
[INFO] [Font]: Using font rendering backend: bitmap.
[ERROR] [Font]: Failed to create rendering backend: freetype.
[ERROR] [Font]: Failed to create rendering backend: stb-unicode.
[INFO] [Font]: Using font rendering backend: bitmap.
[ERROR] [Font]: Failed to create rendering backend: freetype.
[ERROR] [Font]: Failed to create rendering backend: stb-unicode.
[INFO] [Font]: Using font rendering backend: bitmap.
[ERROR] [Font]: Failed to create rendering backend: freetype.
[ERROR] [Font]: Failed to create rendering backend: stb-unicode.
[INFO] [Font]: Using font rendering backend: bitmap.
[ERROR] [Font]: Failed to create rendering backend: freetype.
[ERROR] [Font]: Failed to create rendering backend: stb-unicode.
[INFO] [Font]: Using font rendering backend: bitmap.
[ERROR] [Font]: Failed to create rendering backend: freetype.
[ERROR] [Font]: Failed to create rendering backend: stb-unicode.
[INFO] [Font]: Using font rendering backend: bitmap.
[ERROR] [Font]: Failed to create rendering backend: freetype.
[ERROR] [Font]: Failed to create rendering backend: stb-unicode.
[INFO] [Font]: Using font rendering backend: bitmap.
[ERROR] [Font]: Failed to create rendering backend: freetype.
[ERROR] [Font]: Failed to create rendering backend: stb-unicode.
[INFO] [Font]: Using font rendering backend: bitmap.
[ERROR] [Font]: Failed to create rendering backend: freetype.
[ERROR] [Font]: Failed to create rendering backend: stb-unicode.
[INFO] [Font]: Using font rendering backend: bitmap.
[ERROR] [Font]: Failed to create rendering backend: freetype.
[ERROR] [Font]: Failed to create rendering backend: stb-unicode.
[INFO] [Font]: Using font rendering backend: bitmap.
[ERROR] [Font]: Failed to create rendering backend: freetype.
[ERROR] [Font]: Failed to create rendering backend: stb-unicode.
[INFO] [Font]: Using font rendering backend: bitmap.
[ERROR] [Font]: Failed to create rendering backend: freetype.
[ERROR] [Font]: Failed to create rendering backend: stb-unicode.
[INFO] [Font]: Using font rendering backend: bitmap.
[ERROR] [Font]: Failed to create rendering backend: freetype.
[ERROR] [Font]: Failed to create rendering backend: stb-unicode.
[INFO] [Font]: Using font rendering backend: bitmap.
[ERROR] [Font]: Failed to create rendering backend: freetype.
[ERROR] [Font]: Failed to create rendering backend: stb-unicode.
[INFO] [Font]: Using font rendering backend: bitmap.
[ERROR] [Font]: Failed to create rendering backend: freetype.
[ERROR] [Font]: Failed to create rendering backend: stb-unicode.
[INFO] [Font]: Using font rendering backend: bitmap.
[ERROR] [Font]: Failed to create rendering backend: freetype.
[ERROR] [Font]: Failed to create rendering backend: stb-unicode.
[INFO] [Font]: Using font rendering backend: bitmap.
[ERROR] [Font]: Failed to create rendering backend: freetype.
[ERROR] [Font]: Failed to create rendering backend: stb-unicode.
[INFO] [Font]: Using font rendering backend: bitmap.
[ERROR] [Font]: Failed to create rendering backend: freetype.
[ERROR] [Font]: Failed to create rendering backend: stb-unicode.
[INFO] [Font]: Using font rendering backend: bitmap.
[INFO] [Font]: Using font rendering backend: freetype.
[INFO] [Font]: Using font rendering backend: freetype.
[ERROR] [Font]: Failed to create rendering backend: freetype.
[ERROR] [Font]: Failed to create rendering backend: stb-unicode.
[INFO] [Font]: Using font rendering backend: bitmap.
[ERROR] [Font]: Failed to create rendering backend: freetype.
[ERROR] [Font]: Failed to create rendering backend: stb-unicode.
[INFO] [Font]: Using font rendering backend: bitmap.
[ERROR] [Font]: Failed to create rendering backend: freetype.
[ERROR] [Font]: Failed to create rendering backend: stb-unicode.
[INFO] [Font]: Using font rendering backend: bitmap.
[INFO] [Font]: Using font rendering backend: freetype.
[INFO] [Font]: Using font rendering backend: freetype.
[ERROR] [Font]: Failed to create rendering backend: freetype.
[ERROR] [Font]: Failed to create rendering backend: stb-unicode.
[INFO] [Font]: Using font rendering backend: bitmap.
[ERROR] [Font]: Failed to create rendering backend: freetype.
[ERROR] [Font]: Failed to create rendering backend: stb-unicode.
[INFO] [Font]: Using font rendering backend: bitmap.
[ERROR] [Font]: Failed to create rendering backend: freetype.
[ERROR] [Font]: Failed to create rendering backend: stb-unicode.
[INFO] [Font]: Using font rendering backend: bitmap.
[INFO] [Font]: Using font rendering backend: freetype.
[INFO] [Font]: Using font rendering backend: freetype.
[ERROR] [Font]: Failed to create rendering backend: freetype.
[ERROR] [Font]: Failed to create rendering backend: stb-unicode.
[INFO] [Font]: Using font rendering backend: bitmap.
[ERROR] [Font]: Failed to create rendering backend: freetype.
[ERROR] [Font]: Failed to create rendering backend: stb-unicode.
[INFO] [Font]: Using font rendering backend: bitmap.
[ERROR] [Font]: Failed to create rendering backend: freetype.
[ERROR] [Font]: Failed to create rendering backend: stb-unicode.
[INFO] [Font]: Using font rendering backend: bitmap.
[INFO] [Font]: Using font rendering backend: freetype.
[INFO] [Font]: Using font rendering backend: freetype.
[ERROR] [Font]: Failed to create rendering backend: freetype.
[ERROR] [Font]: Failed to create rendering backend: stb-unicode.
[INFO] [Font]: Using font rendering backend: bitmap.
[ERROR] [Font]: Failed to create rendering backend: freetype.
[ERROR] [Font]: Failed to create rendering backend: stb-unicode.
[INFO] [Font]: Using font rendering backend: bitmap.
[ERROR] [Font]: Failed to create rendering backend: freetype.
[ERROR] [Font]: Failed to create rendering backend: stb-unicode.
[INFO] [Font]: Using font rendering backend: bitmap.
[INFO] [Font]: Using font rendering backend: freetype.
[INFO] [Font]: Using font rendering backend: freetype.
[ERROR] [Font]: Failed to create rendering backend: freetype.
[ERROR] [Font]: Failed to create rendering backend: stb-unicode.
[INFO] [Font]: Using font rendering backend: bitmap.
[ERROR] [Font]: Failed to create rendering backend: freetype.
[ERROR] [Font]: Failed to create rendering backend: stb-unicode.
[INFO] [Font]: Using font rendering backend: bitmap.
[ERROR] [Font]: Failed to create rendering backend: freetype.
[ERROR] [Font]: Failed to create rendering backend: stb-unicode.
[INFO] [Font]: Using font rendering backend: bitmap.
[INFO] [Font]: Using font rendering backend: freetype.
[INFO] [Font]: Using font rendering backend: freetype.
[ERROR] [Font]: Failed to create rendering backend: freetype.
[ERROR] [Font]: Failed to create rendering backend: stb-unicode.
[INFO] [Font]: Using font rendering backend: bitmap.
[ERROR] [Font]: Failed to create rendering backend: freetype.
[ERROR] [Font]: Failed to create rendering backend: stb-unicode.
[INFO] [Font]: Using font rendering backend: bitmap.
[ERROR] [Font]: Failed to create rendering backend: freetype.
[ERROR] [Font]: Failed to create rendering backend: stb-unicode.
[INFO] [Font]: Using font rendering backend: bitmap.
[INFO] [Font]: Using font rendering backend: freetype.
[INFO] [Font]: Using font rendering backend: freetype.
[ERROR] [Font]: Failed to create rendering backend: freetype.
[ERROR] [Font]: Failed to create rendering backend: stb-unicode.
[INFO] [Font]: Using font rendering backend: bitmap.
[ERROR] [Font]: Failed to create rendering backend: freetype.
[ERROR] [Font]: Failed to create rendering backend: stb-unicode.
[INFO] [Font]: Using font rendering backend: bitmap.
[ERROR] [Font]: Failed to create rendering backend: freetype.
[ERROR] [Font]: Failed to create rendering backend: stb-unicode.
[INFO] [Font]: Using font rendering backend: bitmap.
[INFO] [Font]: Using font rendering backend: freetype.
[INFO] [Font]: Using font rendering backend: freetype.
[ERROR] [Font]: Failed to create rendering backend: freetype.
[ERROR] [Font]: Failed to create rendering backend: stb-unicode.
[INFO] [Font]: Using font rendering backend: bitmap.
[ERROR] [Font]: Failed to create rendering backend: freetype.
[ERROR] [Font]: Failed to create rendering backend: stb-unicode.
[INFO] [Font]: Using font rendering backend: bitmap.
[ERROR] [Font]: Failed to create rendering backend: freetype.
[ERROR] [Font]: Failed to create rendering backend: stb-unicode.
[INFO] [Font]: Using font rendering backend: bitmap.
[ERROR] [Font]: Failed to create rendering backend: freetype.
[ERROR] [Font]: Failed to create rendering backend: stb-unicode.
[INFO] [Font]: Using font rendering backend: bitmap.
[ERROR] [Font]: Failed to create rendering backend: freetype.
[ERROR] [Font]: Failed to create rendering backend: stb-unicode.
[INFO] [Font]: Using font rendering backend: bitmap.
[ERROR] [Font]: Failed to create rendering backend: freetype.
[ERROR] [Font]: Failed to create rendering backend: stb-unicode.
[INFO] [Font]: Using font rendering backend: bitmap.
[ERROR] [Font]: Failed to create rendering backend: freetype.
[ERROR] [Font]: Failed to create rendering backend: stb-unicode.
[INFO] [Font]: Using font rendering backend: bitmap.
[ERROR] [Font]: Failed to create rendering backend: freetype.
[ERROR] [Font]: Failed to create rendering backend: stb-unicode.
[INFO] [Font]: Using font rendering backend: bitmap.
[ERROR] [Font]: Failed to create rendering backend: freetype.
[ERROR] [Font]: Failed to create rendering backend: stb-unicode.
[INFO] [Font]: Using font rendering backend: bitmap.
[ERROR] [Font]: Failed to create rendering backend: freetype.
[ERROR] [Font]: Failed to create rendering backend: stb-unicode.
[INFO] [Font]: Using font rendering backend: bitmap.
[ERROR] [Font]: Failed to create rendering backend: freetype.
[ERROR] [Font]: Failed to create rendering backend: stb-unicode.
[INFO] [Font]: Using font rendering backend: bitmap.
[ERROR] [Font]: Failed to create rendering backend: freetype.
[ERROR] [Font]: Failed to create rendering backend: stb-unicode.
[INFO] [Font]: Using font rendering backend: bitmap.
[ERROR] [Font]: Failed to create rendering backend: freetype.
[ERROR] [Font]: Failed to create rendering backend: stb-unicode.
[INFO] [Font]: Using font rendering backend: bitmap.
[ERROR] [Font]: Failed to create rendering backend: freetype.
[ERROR] [Font]: Failed to create rendering backend: stb-unicode.
[INFO] [Font]: Using font rendering backend: bitmap.
[ERROR] [Font]: Failed to create rendering backend: freetype.
[ERROR] [Font]: Failed to create rendering backend: stb-unicode.
[INFO] [Font]: Using font rendering backend: bitmap.
[ERROR] [Font]: Failed to create rendering backend: freetype.
[ERROR] [Font]: Failed to create rendering backend: stb-unicode.
[INFO] [Font]: Using font rendering backend: bitmap.
[ERROR] [Font]: Failed to create rendering backend: freetype.
[ERROR] [Font]: Failed to create rendering backend: stb-unicode.
[INFO] [Font]: Using font rendering backend: bitmap.
[ERROR] [Font]: Failed to create rendering backend: freetype.
[ERROR] [Font]: Failed to create rendering backend: stb-unicode.
[INFO] [Font]: Using font rendering backend: bitmap.
[ERROR] [Font]: Failed to create rendering backend: freetype.
[ERROR] [Font]: Failed to create rendering backend: stb-unicode.
[INFO] [Font]: Using font rendering backend: bitmap.
[ERROR] [Font]: Failed to create rendering backend: freetype.
[ERROR] [Font]: Failed to create rendering backend: stb-unicode.
[INFO] [Font]: Using font rendering backend: bitmap.
[ERROR] [Font]: Failed to create rendering backend: freetype.
[ERROR] [Font]: Failed to create rendering backend: stb-unicode.
[INFO] [Font]: Using font rendering backend: bitmap.
[ERROR] [Font]: Failed to create rendering backend: freetype.
[ERROR] [Font]: Failed to create rendering backend: stb-unicode.
[INFO] [Font]: Using font rendering backend: bitmap.
[ERROR] [Font]: Failed to create rendering backend: freetype.
[ERROR] [Font]: Failed to create rendering backend: stb-unicode.
[INFO] [Font]: Using font rendering backend: bitmap.
[ERROR] [Font]: Failed to create rendering backend: freetype.
[ERROR] [Font]: Failed to create rendering backend: stb-unicode.
[INFO] [Font]: Using font rendering backend: bitmap.
[ERROR] [Font]: Failed to create rendering backend: freetype.
[ERROR] [Font]: Failed to create rendering backend: stb-unicode.
[INFO] [Font]: Using font rendering backend: bitmap.
[ERROR] [Font]: Failed to create rendering backend: freetype.
[ERROR] [Font]: Failed to create rendering backend: stb-unicode.
[INFO] [Font]: Using font rendering backend: bitmap.
[ERROR] [Font]: Failed to create rendering backend: freetype.
[ERROR] [Font]: Failed to create rendering backend: stb-unicode.
[INFO] [Font]: Using font rendering backend: bitmap.
[ERROR] [Font]: Failed to create rendering backend: freetype.
[ERROR] [Font]: Failed to create rendering backend: stb-unicode.
[INFO] [Font]: Using font rendering backend: bitmap.
[ERROR] [Font]: Failed to create rendering backend: freetype.
[ERROR] [Font]: Failed to create rendering backend: stb-unicode.
[INFO] [Font]: Using font rendering backend: bitmap.
[ERROR] [Font]: Failed to create rendering backend: freetype.
[ERROR] [Font]: Failed to create rendering backend: stb-unicode.
[INFO] [Font]: Using font rendering backend: bitmap.
[ERROR] [Font]: Failed to create rendering backend: freetype.
[ERROR] [Font]: Failed to create rendering backend: stb-unicode.
[INFO] [Font]: Using font rendering backend: bitmap.
[ERROR] [Font]: Failed to create rendering backend: freetype.
[ERROR] [Font]: Failed to create rendering backend: stb-unicode.
[INFO] [Font]: Using font rendering backend: bitmap.
[ERROR] [Font]: Failed to create rendering backend: freetype.
[ERROR] [Font]: Failed to create rendering backend: stb-unicode.
[INFO] [Font]: Using font rendering backend: bitmap.
[ERROR] [Font]: Failed to create rendering backend: freetype.
[ERROR] [Font]: Failed to create rendering backend: stb-unicode.
[INFO] [Font]: Using font rendering backend: bitmap.
[ERROR] [Font]: Failed to create rendering backend: freetype.
[ERROR] [Font]: Failed to create rendering backend: stb-unicode.
[INFO] [Font]: Using font rendering backend: bitmap.
[ERROR] [Font]: Failed to create rendering backend: freetype.
[ERROR] [Font]: Failed to create rendering backend: stb-unicode.
[INFO] [Font]: Using font rendering backend: bitmap.
[ERROR] [Font]: Failed to create rendering backend: freetype.
[ERROR] [Font]: Failed to create rendering backend: stb-unicode.
[INFO] [Font]: Using font rendering backend: bitmap.
[ERROR] [Font]: Failed to create rendering backend: freetype.
[ERROR] [Font]: Failed to create rendering backend: stb-unicode.
[INFO] [Font]: Using font rendering backend: bitmap.
[ERROR] [Font]: Failed to create rendering backend: freetype.
[ERROR] [Font]: Failed to create rendering backend: stb-unicode.
[INFO] [Font]: Using font rendering backend: bitmap.
[ERROR] [Font]: Failed to create rendering backend: freetype.
[ERROR] [Font]: Failed to create rendering backend: stb-unicode.
[INFO] [Font]: Using font rendering backend: bitmap.
[ERROR] [Font]: Failed to create rendering backend: freetype.
[ERROR] [Font]: Failed to create rendering backend: stb-unicode.
[INFO] [Font]: Using font rendering backend: bitmap.
[ERROR] [Font]: Failed to create rendering backend: freetype.
[ERROR] [Font]: Failed to create rendering backend: stb-unicode.
[INFO] [Font]: Using font rendering backend: bitmap.
[ERROR] [Font]: Failed to create rendering backend: freetype.
[ERROR] [Font]: Failed to create rendering backend: stb-unicode.
[INFO] [Font]: Using font rendering backend: bitmap.
[ERROR] [Font]: Failed to create rendering backend: freetype.
[ERROR] [Font]: Failed to create rendering backend: stb-unicode.
[INFO] [Font]: Using font rendering backend: bitmap.
[ERROR] [Font]: Failed to create rendering backend: freetype.
[ERROR] [Font]: Failed to create rendering backend: stb-unicode.
[INFO] [Font]: Using font rendering backend: bitmap.
[ERROR] [Font]: Failed to create rendering backend: freetype.
[ERROR] [Font]: Failed to create rendering backend: stb-unicode.
[INFO] [Font]: Using font rendering backend: bitmap.
[ERROR] [Font]: Failed to create rendering backend: freetype.
[ERROR] [Font]: Failed to create rendering backend: stb-unicode.
[INFO] [Font]: Using font rendering backend: bitmap.
[ERROR] [Font]: Failed to create rendering backend: freetype.
[ERROR] [Font]: Failed to create rendering backend: stb-unicode.
[INFO] [Font]: Using font rendering backend: bitmap.
[ERROR] [Font]: Failed to create rendering backend: freetype.
[ERROR] [Font]: Failed to create rendering backend: stb-unicode.
[INFO] [Font]: Using font rendering backend: bitmap.
[ERROR] [Font]: Failed to create rendering backend: freetype.
[ERROR] [Font]: Failed to create rendering backend: stb-unicode.
[INFO] [Font]: Using font rendering backend: bitmap.
[ERROR] [Font]: Failed to create rendering backend: freetype.
[ERROR] [Font]: Failed to create rendering backend: stb-unicode.
[INFO] [Font]: Using font rendering backend: bitmap.
[ERROR] [Font]: Failed to create rendering backend: freetype.
[ERROR] [Font]: Failed to create rendering backend: stb-unicode.
[INFO] [Font]: Using font rendering backend: bitmap.
[ERROR] [Font]: Failed to create rendering backend: freetype.
[ERROR] [Font]: Failed to create rendering backend: stb-unicode.
[INFO] [Font]: Using font rendering backend: bitmap.
[ERROR] [Font]: Failed to create rendering backend: freetype.
[ERROR] [Font]: Failed to create rendering backend: stb-unicode.
[INFO] [Font]: Using font rendering backend: bitmap.
[ERROR] [Font]: Failed to create rendering backend: freetype.
[ERROR] [Font]: Failed to create rendering backend: stb-unicode.
[INFO] [Font]: Using font rendering backend: bitmap.
[ERROR] [Font]: Failed to create rendering backend: freetype.
[ERROR] [Font]: Failed to create rendering backend: stb-unicode.
[INFO] [Font]: Using font rendering backend: bitmap.
[ERROR] [Font]: Failed to create rendering backend: freetype.
[ERROR] [Font]: Failed to create rendering backend: stb-unicode.
[INFO] [Font]: Using font rendering backend: bitmap.
[ERROR] [Font]: Failed to create rendering backend: freetype.
[ERROR] [Font]: Failed to create rendering backend: stb-unicode.
[INFO] [Font]: Using font rendering backend: bitmap.
[ERROR] [Font]: Failed to create rendering backend: freetype.
[ERROR] [Font]: Failed to create rendering backend: stb-unicode.
[INFO] [Font]: Using font rendering backend: bitmap.
[ERROR] [Font]: Failed to create rendering backend: freetype.
[ERROR] [Font]: Failed to create rendering backend: stb-unicode.
[INFO] [Font]: Using font rendering backend: bitmap.
[ERROR] [Font]: Failed to create rendering backend: freetype.
[ERROR] [Font]: Failed to create rendering backend: stb-unicode.
[INFO] [Font]: Using font rendering backend: bitmap.
[ERROR] [Font]: Failed to create rendering backend: freetype.
[ERROR] [Font]: Failed to create rendering backend: stb-unicode.
[INFO] [Font]: Using font rendering backend: bitmap.
[ERROR] [Font]: Failed to create rendering backend: freetype.
[ERROR] [Font]: Failed to create rendering backend: stb-unicode.
[INFO] [Font]: Using font rendering backend: bitmap.
[ERROR] [Font]: Failed to create rendering backend: freetype.
[ERROR] [Font]: Failed to create rendering backend: stb-unicode.
[INFO] [Font]: Using font rendering backend: bitmap.
[ERROR] [Font]: Failed to create rendering backend: freetype.
[ERROR] [Font]: Failed to create rendering backend: stb-unicode.
[INFO] [Font]: Using font rendering backend: bitmap.
[ERROR] [Font]: Failed to create rendering backend: freetype.
[ERROR] [Font]: Failed to create rendering backend: stb-unicode.
[INFO] [Font]: Using font rendering backend: bitmap.
[ERROR] [Font]: Failed to create rendering backend: freetype.
[ERROR] [Font]: Failed to create rendering backend: stb-unicode.
[INFO] [Font]: Using font rendering backend: bitmap.
[ERROR] [Font]: Failed to create rendering backend: freetype.
[ERROR] [Font]: Failed to create rendering backend: stb-unicode.
[INFO] [Font]: Using font rendering backend: bitmap.
[ERROR] [Font]: Failed to create rendering backend: freetype.
[ERROR] [Font]: Failed to create rendering backend: stb-unicode.
[INFO] [Font]: Using font rendering backend: bitmap.
[ERROR] [Font]: Failed to create rendering backend: freetype.
[ERROR] [Font]: Failed to create rendering backend: stb-unicode.
[INFO] [Font]: Using font rendering backend: bitmap.
[ERROR] [Font]: Failed to create rendering backend: freetype.
[ERROR] [Font]: Failed to create rendering backend: stb-unicode.
[INFO] [Font]: Using font rendering backend: bitmap.
[ERROR] [Font]: Failed to create rendering backend: freetype.
[ERROR] [Font]: Failed to create rendering backend: stb-unicode.
[INFO] [Font]: Using font rendering backend: bitmap.
[ERROR] [Font]: Failed to create rendering backend: freetype.
[ERROR] [Font]: Failed to create rendering backend: stb-unicode.
[INFO] [Font]: Using font rendering backend: bitmap.
[ERROR] [Font]: Failed to create rendering backend: freetype.
[ERROR] [Font]: Failed to create rendering backend: stb-unicode.
[INFO] [Font]: Using font rendering backend: bitmap.
[ERROR] [Font]: Failed to create rendering backend: freetype.
[ERROR] [Font]: Failed to create rendering backend: stb-unicode.
[INFO] [Font]: Using font rendering backend: bitmap.
[ERROR] [Font]: Failed to create rendering backend: freetype.
[ERROR] [Font]: Failed to create rendering backend: stb-unicode.
[INFO] [Font]: Using font rendering backend: bitmap.
[ERROR] [Font]: Failed to create rendering backend: freetype.
[ERROR] [Font]: Failed to create rendering backend: stb-unicode.
[INFO] [Font]: Using font rendering backend: bitmap.
[ERROR] [Font]: Failed to create rendering backend: freetype.
[ERROR] [Font]: Failed to create rendering backend: stb-unicode.
[INFO] [Font]: Using font rendering backend: bitmap.
[ERROR] [Font]: Failed to create rendering backend: freetype.
[ERROR] [Font]: Failed to create rendering backend: stb-unicode.
[INFO] [Font]: Using font rendering backend: bitmap.
[ERROR] [Font]: Failed to create rendering backend: freetype.
[ERROR] [Font]: Failed to create rendering backend: stb-unicode.
[INFO] [Font]: Using font rendering backend: bitmap.
[ERROR] [Font]: Failed to create rendering backend: freetype.
[ERROR] [Font]: Failed to create rendering backend: stb-unicode.
[INFO] [Font]: Using font rendering backend: bitmap.
[ERROR] [Font]: Failed to create rendering backend: freetype.
[ERROR] [Font]: Failed to create rendering backend: stb-unicode.
[INFO] [Font]: Using font rendering backend: bitmap.
[ERROR] [Font]: Failed to create rendering backend: freetype.
[ERROR] [Font]: Failed to create rendering backend: stb-unicode.
[INFO] [Font]: Using font rendering backend: bitmap.
[ERROR] [Font]: Failed to create rendering backend: freetype.
[ERROR] [Font]: Failed to create rendering backend: stb-unicode.
[INFO] [Font]: Using font rendering backend: bitmap.
[ERROR] [Font]: Failed to create rendering backend: freetype.
[ERROR] [Font]: Failed to create rendering backend: stb-unicode.
[INFO] [Font]: Using font rendering backend: bitmap.
[ERROR] [Font]: Failed to create rendering backend: freetype.
[ERROR] [Font]: Failed to create rendering backend: stb-unicode.
[INFO] [Font]: Using font rendering backend: bitmap.
[ERROR] [Font]: Failed to create rendering backend: freetype.
[ERROR] [Font]: Failed to create rendering backend: stb-unicode.
[INFO] [Font]: Using font rendering backend: bitmap.
[ERROR] [Font]: Failed to create rendering backend: freetype.
[ERROR] [Font]: Failed to create rendering backend: stb-unicode.
[INFO] [Font]: Using font rendering backend: bitmap.
[ERROR] [Font]: Failed to create rendering backend: freetype.
[ERROR] [Font]: Failed to create rendering backend: stb-unicode.
[INFO] [Font]: Using font rendering backend: bitmap.
[ERROR] [Font]: Failed to create rendering backend: freetype.
[ERROR] [Font]: Failed to create rendering backend: stb-unicode.
[INFO] [Font]: Using font rendering backend: bitmap.
[ERROR] [Font]: Failed to create rendering backend: freetype.
[ERROR] [Font]: Failed to create rendering backend: stb-unicode.
[INFO] [Font]: Using font rendering backend: bitmap.
[ERROR] [Font]: Failed to create rendering backend: freetype.
[ERROR] [Font]: Failed to create rendering backend: stb-unicode.
[INFO] [Font]: Using font rendering backend: bitmap.
[ERROR] [Font]: Failed to create rendering backend: freetype.
[ERROR] [Font]: Failed to create rendering backend: stb-unicode.
[INFO] [Font]: Using font rendering backend: bitmap.
[ERROR] [Font]: Failed to create rendering backend: freetype.
[ERROR] [Font]: Failed to create rendering backend: stb-unicode.
[INFO] [Font]: Using font rendering backend: bitmap.
[ERROR] [Font]: Failed to create rendering backend: freetype.
[ERROR] [Font]: Failed to create rendering backend: stb-unicode.
[INFO] [Font]: Using font rendering backend: bitmap.
[ERROR] [Font]: Failed to create rendering backend: freetype.
[ERROR] [Font]: Failed to create rendering backend: stb-unicode.
[INFO] [Font]: Using font rendering backend: bitmap.
[ERROR] [Font]: Failed to create rendering backend: freetype.
[ERROR] [Font]: Failed to create rendering backend: stb-unicode.
[INFO] [Font]: Using font rendering backend: bitmap.
[ERROR] [Font]: Failed to create rendering backend: freetype.
[ERROR] [Font]: Failed to create rendering backend: stb-unicode.
[INFO] [Font]: Using font rendering backend: bitmap.
[ERROR] [Font]: Failed to create rendering backend: freetype.
[ERROR] [Font]: Failed to create rendering backend: stb-unicode.
[INFO] [Font]: Using font rendering backend: bitmap.
[ERROR] [Font]: Failed to create rendering backend: freetype.
[ERROR] [Font]: Failed to create rendering backend: stb-unicode.
[INFO] [Font]: Using font rendering backend: bitmap.
[ERROR] [Font]: Failed to create rendering backend: freetype.
[ERROR] [Font]: Failed to create rendering backend: stb-unicode.
[INFO] [Font]: Using font rendering backend: bitmap.
[ERROR] [Font]: Failed to create rendering backend: freetype.
[ERROR] [Font]: Failed to create rendering backend: stb-unicode.
[INFO] [Font]: Using font rendering backend: bitmap.
[ERROR] [Font]: Failed to create rendering backend: freetype.
[ERROR] [Font]: Failed to create rendering backend: stb-unicode.
[INFO] [Font]: Using font rendering backend: bitmap.
[ERROR] [Font]: Failed to create rendering backend: freetype.
[ERROR] [Font]: Failed to create rendering backend: stb-unicode.
[INFO] [Font]: Using font rendering backend: bitmap.
[ERROR] [Font]: Failed to create rendering backend: freetype.
[ERROR] [Font]: Failed to create rendering backend: stb-unicode.
[INFO] [Font]: Using font rendering backend: bitmap.
[ERROR] [Font]: Failed to create rendering backend: freetype.
[ERROR] [Font]: Failed to create rendering backend: stb-unicode.
[INFO] [Font]: Using font rendering backend: bitmap.
[ERROR] [Font]: Failed to create rendering backend: freetype.
[ERROR] [Font]: Failed to create rendering backend: stb-unicode.
[INFO] [Font]: Using font rendering backend: bitmap.
[ERROR] [Font]: Failed to create rendering backend: freetype.
[ERROR] [Font]: Failed to create rendering backend: stb-unicode.
[INFO] [Font]: Using font rendering backend: bitmap.
[ERROR] [Font]: Failed to create rendering backend: freetype.
[ERROR] [Font]: Failed to create rendering backend: stb-unicode.
[INFO] [Font]: Using font rendering backend: bitmap.
[ERROR] [Font]: Failed to create rendering backend: freetype.
[ERROR] [Font]: Failed to create rendering backend: stb-unicode.
[INFO] [Font]: Using font rendering backend: bitmap.
[ERROR] [Font]: Failed to create rendering backend: freetype.
[ERROR] [Font]: Failed to create rendering backend: stb-unicode.
[INFO] [Font]: Using font rendering backend: bitmap.
[ERROR] [Font]: Failed to create rendering backend: freetype.
[ERROR] [Font]: Failed to create rendering backend: stb-unicode.
[INFO] [Font]: Using font rendering backend: bitmap.
[ERROR] [Font]: Failed to create rendering backend: freetype.
[ERROR] [Font]: Failed to create rendering backend: stb-unicode.
[INFO] [Font]: Using font rendering backend: bitmap.
[ERROR] [Font]: Failed to create rendering backend: freetype.
[ERROR] [Font]: Failed to create rendering backend: stb-unicode.
[INFO] [Font]: Using font rendering backend: bitmap.
[ERROR] [Font]: Failed to create rendering backend: freetype.
[ERROR] [Font]: Failed to create rendering backend: stb-unicode.
[INFO] [Font]: Using font rendering backend: bitmap.
[ERROR] [Font]: Failed to create rendering backend: freetype.
[ERROR] [Font]: Failed to create rendering backend: stb-unicode.
[INFO] [Font]: Using font rendering backend: bitmap.
[ERROR] [Font]: Failed to create rendering backend: freetype.
[ERROR] [Font]: Failed to create rendering backend: stb-unicode.
[INFO] [Font]: Using font rendering backend: bitmap.
[ERROR] [Font]: Failed to create rendering backend: freetype.
[ERROR] [Font]: Failed to create rendering backend: stb-unicode.
[INFO] [Font]: Using font rendering backend: bitmap.
[ERROR] [Font]: Failed to create rendering backend: freetype.
[ERROR] [Font]: Failed to create rendering backend: stb-unicode.
[INFO] [Font]: Using font rendering backend: bitmap.
[ERROR] [Font]: Failed to create rendering backend: freetype.
[ERROR] [Font]: Failed to create rendering backend: stb-unicode.
[INFO] [Font]: Using font rendering backend: bitmap.
[ERROR] [Font]: Failed to create rendering backend: freetype.
[ERROR] [Font]: Failed to create rendering backend: stb-unicode.
[INFO] [Font]: Using font rendering backend: bitmap.
[ERROR] [Font]: Failed to create rendering backend: freetype.
[ERROR] [Font]: Failed to create rendering backend: stb-unicode.
[INFO] [Font]: Using font rendering backend: bitmap.
[ERROR] [Font]: Failed to create rendering backend: freetype.
[ERROR] [Font]: Failed to create rendering backend: stb-unicode.
[INFO] [Font]: Using font rendering backend: bitmap.
[ERROR] [Font]: Failed to create rendering backend: freetype.
[ERROR] [Font]: Failed to create rendering backend: stb-unicode.
[INFO] [Font]: Using font rendering backend: bitmap.
[ERROR] [Font]: Failed to create rendering backend: freetype.
[ERROR] [Font]: Failed to create rendering backend: stb-unicode.
[INFO] [Font]: Using font rendering backend: bitmap.
[ERROR] [Font]: Failed to create rendering backend: freetype.
[ERROR] [Font]: Failed to create rendering backend: stb-unicode.
[INFO] [Font]: Using font rendering backend: bitmap.
[ERROR] [Font]: Failed to create rendering backend: freetype.
[ERROR] [Font]: Failed to create rendering backend: stb-unicode.
[INFO] [Font]: Using font rendering backend: bitmap.
[ERROR] [Font]: Failed to create rendering backend: freetype.
[ERROR] [Font]: Failed to create rendering backend: stb-unicode.
[INFO] [Font]: Using font rendering backend: bitmap.
[ERROR] [Font]: Failed to create rendering backend: freetype.
[ERROR] [Font]: Failed to create rendering backend: stb-unicode.
[INFO] [Font]: Using font rendering backend: bitmap.
[ERROR] [Font]: Failed to create rendering backend: freetype.
[ERROR] [Font]: Failed to create rendering backend: stb-unicode.
[INFO] [Font]: Using font rendering backend: bitmap.
[ERROR] [Font]: Failed to create rendering backend: freetype.
[ERROR] [Font]: Failed to create rendering backend: stb-unicode.
[INFO] [Font]: Using font rendering backend: bitmap.
[ERROR] [Font]: Failed to create rendering backend: freetype.
[ERROR] [Font]: Failed to create rendering backend: stb-unicode.
[INFO] [Font]: Using font rendering backend: bitmap.
[ERROR] [Font]: Failed to create rendering backend: freetype.
[ERROR] [Font]: Failed to create rendering backend: stb-unicode.
[INFO] [Font]: Using font rendering backend: bitmap.
[ERROR] [Font]: Failed to create rendering backend: freetype.
[ERROR] [Font]: Failed to create rendering backend: stb-unicode.
[INFO] [Font]: Using font rendering backend: bitmap.
[ERROR] [Font]: Failed to create rendering backend: freetype.
[ERROR] [Font]: Failed to create rendering backend: stb-unicode.
[INFO] [Font]: Using font rendering backend: bitmap.
[ERROR] [Font]: Failed to create rendering backend: freetype.
[ERROR] [Font]: Failed to create rendering backend: stb-unicode.
[INFO] [Font]: Using font rendering backend: bitmap.
[ERROR] [Font]: Failed to create rendering backend: freetype.
[ERROR] [Font]: Failed to create rendering backend: stb-unicode.
[INFO] [Font]: Using font rendering backend: bitmap.
[ERROR] [Font]: Failed to create rendering backend: freetype.
[ERROR] [Font]: Failed to create rendering backend: stb-unicode.
[INFO] [Font]: Using font rendering backend: bitmap.
[ERROR] [Font]: Failed to create rendering backend: freetype.
[ERROR] [Font]: Failed to create rendering backend: stb-unicode.
[INFO] [Font]: Using font rendering backend: bitmap.
[ERROR] [Font]: Failed to create rendering backend: freetype.
[ERROR] [Font]: Failed to create rendering backend: stb-unicode.
[INFO] [Font]: Using font rendering backend: bitmap.
[ERROR] [Font]: Failed to create rendering backend: freetype.
[ERROR] [Font]: Failed to create rendering backend: stb-unicode.
[INFO] [Font]: Using font rendering backend: bitmap.
[ERROR] [Font]: Failed to create rendering backend: freetype.
[ERROR] [Font]: Failed to create rendering backend: stb-unicode.
[INFO] [Font]: Using font rendering backend: bitmap.
[ERROR] [Font]: Failed to create rendering backend: freetype.
[ERROR] [Font]: Failed to create rendering backend: stb-unicode.
[INFO] [Font]: Using font rendering backend: bitmap.
[ERROR] [Font]: Failed to create rendering backend: freetype.
[ERROR] [Font]: Failed to create rendering backend: stb-unicode.
[INFO] [Font]: Using font rendering backend: bitmap.
[ERROR] [Font]: Failed to create rendering backend: freetype.
[ERROR] [Font]: Failed to create rendering backend: stb-unicode.
[INFO] [Font]: Using font rendering backend: bitmap.
[ERROR] [Font]: Failed to create rendering backend: freetype.
[ERROR] [Font]: Failed to create rendering backend: stb-unicode.
[INFO] [Font]: Using font rendering backend: bitmap.
[ERROR] [Font]: Failed to create rendering backend: freetype.
[ERROR] [Font]: Failed to create rendering backend: stb-unicode.
[INFO] [Font]: Using font rendering backend: bitmap.
[ERROR] [Font]: Failed to create rendering backend: freetype.
[ERROR] [Font]: Failed to create rendering backend: stb-unicode.
[INFO] [Font]: Using font rendering backend: bitmap.
[ERROR] [Font]: Failed to create rendering backend: freetype.
[ERROR] [Font]: Failed to create rendering backend: stb-unicode.
[INFO] [Font]: Using font rendering backend: bitmap.
[ERROR] [Font]: Failed to create rendering backend: freetype.
[ERROR] [Font]: Failed to create rendering backend: stb-unicode.
[INFO] [Font]: Using font rendering backend: bitmap.
[ERROR] [Font]: Failed to create rendering backend: freetype.
[ERROR] [Font]: Failed to create rendering backend: stb-unicode.
[INFO] [Font]: Using font rendering backend: bitmap.
[ERROR] [Font]: Failed to create rendering backend: freetype.
[ERROR] [Font]: Failed to create rendering backend: stb-unicode.
[INFO] [Font]: Using font rendering backend: bitmap.
[ERROR] [Font]: Failed to create rendering backend: freetype.
[ERROR] [Font]: Failed to create rendering backend: stb-unicode.
[INFO] [Font]: Using font rendering backend: bitmap.
[ERROR] [Font]: Failed to create rendering backend: freetype.
[ERROR] [Font]: Failed to create rendering backend: stb-unicode.
[INFO] [Font]: Using font rendering backend: bitmap.
[ERROR] [Font]: Failed to create rendering backend: freetype.
[ERROR] [Font]: Failed to create rendering backend: stb-unicode.
[INFO] [Font]: Using font rendering backend: bitmap.
[ERROR] [Font]: Failed to create rendering backend: freetype.
[ERROR] [Font]: Failed to create rendering backend: stb-unicode.
[INFO] [Font]: Using font rendering backend: bitmap.
[ERROR] [Font]: Failed to create rendering backend: freetype.
[ERROR] [Font]: Failed to create rendering backend: stb-unicode.
[INFO] [Font]: Using font rendering backend: bitmap.
[ERROR] [Font]: Failed to create rendering backend: freetype.
[ERROR] [Font]: Failed to create rendering backend: stb-unicode.
[INFO] [Font]: Using font rendering backend: bitmap.
[ERROR] [Font]: Failed to create rendering backend: freetype.
[ERROR] [Font]: Failed to create rendering backend: stb-unicode.
[INFO] [Font]: Using font rendering backend: bitmap.
[ERROR] [Font]: Failed to create rendering backend: freetype.
[ERROR] [Font]: Failed to create rendering backend: stb-unicode.
[INFO] [Font]: Using font rendering backend: bitmap.
[ERROR] [Font]: Failed to create rendering backend: freetype.
[ERROR] [Font]: Failed to create rendering backend: stb-unicode.
[INFO] [Font]: Using font rendering backend: bitmap.
[ERROR] [Font]: Failed to create rendering backend: freetype.
[ERROR] [Font]: Failed to create rendering backend: stb-unicode.
[INFO] [Font]: Using font rendering backend: bitmap.
[ERROR] [Font]: Failed to create rendering backend: freetype.
[ERROR] [Font]: Failed to create rendering backend: stb-unicode.
[INFO] [Font]: Using font rendering backend: bitmap.
[ERROR] [Font]: Failed to create rendering backend: freetype.
[ERROR] [Font]: Failed to create rendering backend: stb-unicode.
[INFO] [Font]: Using font rendering backend: bitmap.
[ERROR] [Font]: Failed to create rendering backend: freetype.
[ERROR] [Font]: Failed to create rendering backend: stb-unicode.
[INFO] [Font]: Using font rendering backend: bitmap.
[ERROR] [Font]: Failed to create rendering backend: freetype.
[ERROR] [Font]: Failed to create rendering backend: stb-unicode.
[INFO] [Font]: Using font rendering backend: bitmap.
[ERROR] [Font]: Failed to create rendering backend: freetype.
[ERROR] [Font]: Failed to create rendering backend: stb-unicode.
[INFO] [Font]: Using font rendering backend: bitmap.
[ERROR] [Font]: Failed to create rendering backend: freetype.
[ERROR] [Font]: Failed to create rendering backend: stb-unicode.
[INFO] [Font]: Using font rendering backend: bitmap.
[ERROR] [Font]: Failed to create rendering backend: freetype.
[ERROR] [Font]: Failed to create rendering backend: stb-unicode.
[INFO] [Font]: Using font rendering backend: bitmap.
[ERROR] [Font]: Failed to create rendering backend: freetype.
[ERROR] [Font]: Failed to create rendering backend: stb-unicode.
[INFO] [Font]: Using font rendering backend: bitmap.
[ERROR] [Font]: Failed to create rendering backend: freetype.
[ERROR] [Font]: Failed to create rendering backend: stb-unicode.
[INFO] [Font]: Using font rendering backend: bitmap.
[ERROR] [Font]: Failed to create rendering backend: freetype.
[ERROR] [Font]: Failed to create rendering backend: stb-unicode.
[INFO] [Font]: Using font rendering backend: bitmap.
[ERROR] [Font]: Failed to create rendering backend: freetype.
[ERROR] [Font]: Failed to create rendering backend: stb-unicode.
[INFO] [Font]: Using font rendering backend: bitmap.
[ERROR] [Font]: Failed to create rendering backend: freetype.
[ERROR] [Font]: Failed to create rendering backend: stb-unicode.
[INFO] [Font]: Using font rendering backend: bitmap.
[ERROR] [Font]: Failed to create rendering backend: freetype.
[ERROR] [Font]: Failed to create rendering backend: stb-unicode.
[INFO] [Font]: Using font rendering backend: bitmap.
[ERROR] [Font]: Failed to create rendering backend: freetype.
[ERROR] [Font]: Failed to create rendering backend: stb-unicode.
[INFO] [Font]: Using font rendering backend: bitmap.
[ERROR] [Font]: Failed to create rendering backend: freetype.
[ERROR] [Font]: Failed to create rendering backend: stb-unicode.
[INFO] [Font]: Using font rendering backend: bitmap.
[ERROR] [Font]: Failed to create rendering backend: freetype.
[ERROR] [Font]: Failed to create rendering backend: stb-unicode.
[INFO] [Font]: Using font rendering backend: bitmap.
[ERROR] [Font]: Failed to create rendering backend: freetype.
[ERROR] [Font]: Failed to create rendering backend: stb-unicode.
[INFO] [Font]: Using font rendering backend: bitmap.
[ERROR] [Font]: Failed to create rendering backend: freetype.
[ERROR] [Font]: Failed to create rendering backend: stb-unicode.
[INFO] [Font]: Using font rendering backend: bitmap.
[ERROR] [Font]: Failed to create rendering backend: freetype.
[ERROR] [Font]: Failed to create rendering backend: stb-unicode.
[INFO] [Font]: Using font rendering backend: bitmap.
[ERROR] [Font]: Failed to create rendering backend: freetype.
[ERROR] [Font]: Failed to create rendering backend: stb-unicode.
[INFO] [Font]: Using font rendering backend: bitmap.
[ERROR] [Font]: Failed to create rendering backend: freetype.
[ERROR] [Font]: Failed to create rendering backend: stb-unicode.
[INFO] [Font]: Using font rendering backend: bitmap.
[ERROR] [Font]: Failed to create rendering backend: freetype.
[ERROR] [Font]: Failed to create rendering backend: stb-unicode.
[INFO] [Font]: Using font rendering backend: bitmap.
[ERROR] [Font]: Failed to create rendering backend: freetype.
[ERROR] [Font]: Failed to create rendering backend: stb-unicode.
[INFO] [Font]: Using font rendering backend: bitmap.
[ERROR] [Font]: Failed to create rendering backend: freetype.
[ERROR] [Font]: Failed to create rendering backend: stb-unicode.
[INFO] [Font]: Using font rendering backend: bitmap.
[ERROR] [Font]: Failed to create rendering backend: freetype.
[ERROR] [Font]: Failed to create rendering backend: stb-unicode.
[INFO] [Font]: Using font rendering backend: bitmap.
[ERROR] [Font]: Failed to create rendering backend: freetype.
[ERROR] [Font]: Failed to create rendering backend: stb-unicode.
[INFO] [Font]: Using font rendering backend: bitmap.
[ERROR] [Font]: Failed to create rendering backend: freetype.
[ERROR] [Font]: Failed to create rendering backend: stb-unicode.
[INFO] [Font]: Using font rendering backend: bitmap.
[ERROR] [Font]: Failed to create rendering backend: freetype.
[ERROR] [Font]: Failed to create rendering backend: stb-unicode.
[INFO] [Font]: Using font rendering backend: bitmap.
[ERROR] [Font]: Failed to create rendering backend: freetype.
[ERROR] [Font]: Failed to create rendering backend: stb-unicode.
[INFO] [Font]: Using font rendering backend: bitmap.
[ERROR] [Font]: Failed to create rendering backend: freetype.
[ERROR] [Font]: Failed to create rendering backend: stb-unicode.
[INFO] [Font]: Using font rendering backend: bitmap.
[ERROR] [Font]: Failed to create rendering backend: freetype.
[ERROR] [Font]: Failed to create rendering backend: stb-unicode.
[INFO] [Font]: Using font rendering backend: bitmap.
[ERROR] [Font]: Failed to create rendering backend: freetype.
[ERROR] [Font]: Failed to create rendering backend: stb-unicode.
[INFO] [Font]: Using font rendering backend: bitmap.
[ERROR] [Font]: Failed to create rendering backend: freetype.
[ERROR] [Font]: Failed to create rendering backend: stb-unicode.
[INFO] [Font]: Using font rendering backend: bitmap.
[ERROR] [Font]: Failed to create rendering backend: freetype.
[ERROR] [Font]: Failed to create rendering backend: stb-unicode.
[INFO] [Font]: Using font rendering backend: bitmap.
[ERROR] [Font]: Failed to create rendering backend: freetype.
[ERROR] [Font]: Failed to create rendering backend: stb-unicode.
[INFO] [Font]: Using font rendering backend: bitmap.
[ERROR] [Font]: Failed to create rendering backend: freetype.
[ERROR] [Font]: Failed to create rendering backend: stb-unicode.
[INFO] [Font]: Using font rendering backend: bitmap.
[INFO] [Font]: Using font rendering backend: freetype.
[INFO] [Font]: Using font rendering backend: freetype.
[INFO] [PulseAudio]: Unpausing.
[INFO] [Config]: Saved new config to "/home/asito/.config/retroarch/retroarch.cfg".
[INFO] [Core]: Content ran for a total of: 00 hours, 00 minutes, 00 seconds.
[INFO] [PulseAudio]: Pausing.
[INFO] [Core]: Unloading core..
[INFO] [Core]: Unloading core symbols..
[INFO] [Video]: Does not have enough samples for monitor refresh rate estimation. Requires to run for at least 4096 frames.
[INFO] [Video]: Does not have enough samples for monitor refresh rate estimation. Requires to run for at least 4096 frames.
