[2022-05-13T08:31:53.709Z] Validating found git in: git
[2022-05-13T08:31:53.721Z] Using git 2.36.1 from git
[2022-05-13T08:31:53.787Z] > git rev-parse --show-toplevel [60ms]
[2022-05-13T08:31:53.831Z] > git rev-parse --git-dir --git-common-dir [39ms]
[2022-05-13T08:31:53.835Z] Open repository: /home/asito
[2022-05-13T08:31:54.358Z] > git check-ignore -v -z --stdin [1ms]
[2022-05-13T08:31:56.681Z] > git check-ignore -v -z --stdin [0ms]
[2022-05-13T08:31:59.129Z] > git status -z -uall [5289ms]
[2022-05-13T08:32:22.049Z] > git check-ignore -v -z --stdin [1ms]
[2022-05-13T08:32:35.653Z] > git check-ignore -v -z --stdin [4ms]
[2022-05-13T08:32:37.922Z] > git show --textconv :coding/C/C-projects/tris/board.c [3ms]
[2022-05-13T08:32:37.923Z] > git ls-files --stage -- /home/asito/coding/C/C-projects/tris/board.c [1ms]
[2022-05-13T08:32:38.152Z] > git check-ignore -v -z --stdin [1ms]
[2022-05-13T08:32:44.942Z] > git show --textconv :coding/C/C-projects/tris/main.c [3ms]
[2022-05-13T08:32:44.942Z] > git ls-files --stage -- /home/asito/coding/C/C-projects/tris/main.c [1ms]
[2022-05-13T08:33:37.493Z] > git show --textconv :coding/C/C-projects/tris/giocatore.c [2ms]
[2022-05-13T08:33:37.493Z] > git ls-files --stage -- /home/asito/coding/C/C-projects/tris/giocatore.c [0ms]
[2022-05-13T08:33:40.190Z] > git show --textconv :coding/C/C-projects/tris/board.c [2ms]
[2022-05-13T08:33:40.191Z] > git ls-files --stage -- /home/asito/coding/C/C-projects/tris/board.c [1ms]
[2022-05-13T08:33:43.626Z] > git show --textconv :coding/C/C-projects/tris/main.c [3ms]
[2022-05-13T08:33:43.626Z] > git ls-files --stage -- /home/asito/coding/C/C-projects/tris/main.c [0ms]
[2022-05-13T08:35:51.966Z] > git show --textconv :coding/C/C-projects/tris/board.c [2ms]
[2022-05-13T08:35:51.966Z] > git ls-files --stage -- /home/asito/coding/C/C-projects/tris/board.c [0ms]
[2022-05-13T08:40:11.943Z] > git check-ignore -v -z --stdin [1ms]
[2022-05-13T08:40:28.535Z] > git check-ignore -v -z --stdin [0ms]
[2022-05-13T08:40:30.878Z] > git show --textconv :coding/C/C-projects/LAB8/corso.h [3ms]
[2022-05-13T08:40:30.878Z] > git ls-files --stage -- /home/asito/coding/C/C-projects/LAB8/corso.h [0ms]
[2022-05-13T08:40:34.853Z] > git show --textconv :coding/C/C-projects/tris/main.c [2ms]
[2022-05-13T08:40:34.854Z] > git ls-files --stage -- /home/asito/coding/C/C-projects/tris/main.c [1ms]
[2022-05-13T08:40:36.320Z] > git show --textconv :coding/C/C-projects/LAB8/corso.h [2ms]
[2022-05-13T08:40:36.320Z] > git ls-files --stage -- /home/asito/coding/C/C-projects/LAB8/corso.h [1ms]
[2022-05-13T08:40:41.489Z] > git show --textconv :coding/C/C-projects/LAB8/parser.h [2ms]
[2022-05-13T08:40:41.489Z] > git ls-files --stage -- /home/asito/coding/C/C-projects/LAB8/parser.h [0ms]
[2022-05-13T08:40:43.817Z] > git show --textconv :coding/C/C-projects/LAB8/corso.h [3ms]
[2022-05-13T08:40:43.817Z] > git ls-files --stage -- /home/asito/coding/C/C-projects/LAB8/corso.h [0ms]
[2022-05-13T08:40:47.849Z] > git show --textconv :coding/C/C-projects/LAB8/corso.h [3ms]
[2022-05-13T08:40:47.849Z] > git ls-files --stage -- /home/asito/coding/C/C-projects/LAB8/corso.h [0ms]
[2022-05-13T08:40:50.645Z] > git show --textconv :coding/C/C-projects/LAB8/studente.h [3ms]
[2022-05-13T08:40:50.645Z] > git ls-files --stage -- /home/asito/coding/C/C-projects/LAB8/studente.h [0ms]
[2022-05-13T08:40:54.533Z] > git show --textconv :coding/C/C-projects/LAB8/test_corso.c [2ms]
[2022-05-13T08:40:54.534Z] > git ls-files --stage -- /home/asito/coding/C/C-projects/LAB8/test_corso.c [1ms]
[2022-05-13T08:40:56.996Z] > git show --textconv :coding/C/C-projects/LAB8/test_parser.c [3ms]
[2022-05-13T08:40:56.996Z] > git ls-files --stage -- /home/asito/coding/C/C-projects/LAB8/test_parser.c [1ms]
[2022-05-13T08:40:58.936Z] > git show --textconv :coding/C/C-projects/LAB8/test_studente.c [3ms]
[2022-05-13T08:40:58.936Z] > git ls-files --stage -- /home/asito/coding/C/C-projects/LAB8/test_studente.c [0ms]
[2022-05-13T08:41:27.231Z] > git show --textconv :coding/C/C-projects/LAB8/test_parser.c [2ms]
[2022-05-13T08:41:27.232Z] > git ls-files --stage -- /home/asito/coding/C/C-projects/LAB8/test_parser.c [1ms]
[2022-05-13T08:41:41.315Z] > git show --textconv :coding/C/C-projects/LAB8/test_corso.c [3ms]
[2022-05-13T08:41:41.315Z] > git ls-files --stage -- /home/asito/coding/C/C-projects/LAB8/test_corso.c [0ms]
[2022-05-13T08:42:09.455Z] > git show --textconv :coding/C/C-projects/LAB8/test_parser.c [2ms]
[2022-05-13T08:42:09.456Z] > git ls-files --stage -- /home/asito/coding/C/C-projects/LAB8/test_parser.c [1ms]
[2022-05-13T08:42:12.051Z] > git show --textconv :coding/C/C-projects/LAB8/test_studente.c [2ms]
[2022-05-13T08:42:12.051Z] > git ls-files --stage -- /home/asito/coding/C/C-projects/LAB8/test_studente.c [0ms]
[2022-05-13T08:42:29.248Z] > git show --textconv :coding/C/C-projects/LAB8/test_corso.c [3ms]
[2022-05-13T08:42:29.248Z] > git ls-files --stage -- /home/asito/coding/C/C-projects/LAB8/test_corso.c [1ms]
[2022-05-13T08:42:38.521Z] > git show --textconv :coding/C/C-projects/LAB8/test_parser.c [2ms]
[2022-05-13T08:42:38.521Z] > git ls-files --stage -- /home/asito/coding/C/C-projects/LAB8/test_parser.c [0ms]
[2022-05-13T08:42:44.495Z] > git show --textconv :coding/C/C-projects/LAB8/studenti.txt [3ms]
[2022-05-13T08:42:44.495Z] > git ls-files --stage -- /home/asito/coding/C/C-projects/LAB8/studenti.txt [1ms]
[2022-05-13T08:46:52.143Z] > git show --textconv :coding/C/C-projects/LAB8/studente.h [3ms]
[2022-05-13T08:46:52.143Z] > git ls-files --stage -- /home/asito/coding/C/C-projects/LAB8/studente.h [0ms]
[2022-05-13T08:46:53.191Z] > git show --textconv :coding/C/C-projects/LAB8/studenti.txt [3ms]
[2022-05-13T08:46:53.191Z] > git ls-files --stage -- /home/asito/coding/C/C-projects/LAB8/studenti.txt [1ms]
[2022-05-13T08:47:20.491Z] > git show --textconv :coding/C/C-projects/LAB8/test_studente.c [3ms]
[2022-05-13T08:47:20.491Z] > git ls-files --stage -- /home/asito/coding/C/C-projects/LAB8/test_studente.c [0ms]
[2022-05-13T08:47:38.424Z] > git show --textconv :coding/C/C-projects/LAB8/test_corso.c [2ms]
[2022-05-13T08:47:38.425Z] > git ls-files --stage -- /home/asito/coding/C/C-projects/LAB8/test_corso.c [1ms]
[2022-05-13T08:47:43.440Z] > git show --textconv :coding/C/C-projects/LAB8/test_parser.c [2ms]
[2022-05-13T08:47:43.441Z] > git ls-files --stage -- /home/asito/coding/C/C-projects/LAB8/test_parser.c [1ms]
[2022-05-13T08:47:46.546Z] > git show --textconv :coding/C/C-projects/LAB8/corso.h [3ms]
[2022-05-13T08:47:46.546Z] > git ls-files --stage -- /home/asito/coding/C/C-projects/LAB8/corso.h [0ms]
[2022-05-13T08:47:47.611Z] > git show --textconv :coding/C/C-projects/LAB8/test_parser.c [3ms]
[2022-05-13T08:47:47.611Z] > git ls-files --stage -- /home/asito/coding/C/C-projects/LAB8/test_parser.c [0ms]
[2022-05-13T08:47:48.611Z] > git show --textconv :coding/C/C-projects/LAB8/parser.h [2ms]
[2022-05-13T08:47:48.611Z] > git ls-files --stage -- /home/asito/coding/C/C-projects/LAB8/parser.h [0ms]
[2022-05-13T08:47:49.925Z] > git show --textconv :coding/C/C-projects/LAB8/test_parser.c [2ms]
[2022-05-13T08:47:49.925Z] > git ls-files --stage -- /home/asito/coding/C/C-projects/LAB8/test_parser.c [0ms]
[2022-05-13T08:47:53.648Z] > git show --textconv :coding/C/C-projects/LAB8/test_studente.c [3ms]
[2022-05-13T08:47:53.648Z] > git ls-files --stage -- /home/asito/coding/C/C-projects/LAB8/test_studente.c [1ms]
[2022-05-13T08:47:56.706Z] > git show --textconv :coding/C/C-projects/LAB8/studente.h [2ms]
[2022-05-13T08:47:56.706Z] > git ls-files --stage -- /home/asito/coding/C/C-projects/LAB8/studente.h [0ms]
[2022-05-13T08:49:09.244Z] > git show --textconv :coding/C/C-projects/LAB8/test_parser.c [2ms]
[2022-05-13T08:49:09.245Z] > git ls-files --stage -- /home/asito/coding/C/C-projects/LAB8/test_parser.c [1ms]
[2022-05-13T08:49:11.111Z] > git show --textconv :coding/C/C-projects/LAB8/test_corso.c [3ms]
[2022-05-13T08:49:11.111Z] > git ls-files --stage -- /home/asito/coding/C/C-projects/LAB8/test_corso.c [0ms]
[2022-05-13T08:49:12.214Z] > git show --textconv :coding/C/C-projects/LAB8/test_studente.c [3ms]
[2022-05-13T08:49:12.214Z] > git ls-files --stage -- /home/asito/coding/C/C-projects/LAB8/test_studente.c [0ms]
[2022-05-13T08:50:40.312Z] > git show --textconv :coding/C/C-projects/tris/studente.c [2ms]
[2022-05-13T08:50:40.312Z] > git ls-files --stage -- /home/asito/coding/C/C-projects/tris/studente.c [0ms]
[2022-05-13T08:50:40.608Z] > git check-ignore -v -z --stdin [1ms]
[2022-05-13T08:50:47.909Z] > git show --textconv :coding/C/C-projects/LAB8/studente.c [3ms]
[2022-05-13T08:50:47.909Z] > git ls-files --stage -- /home/asito/coding/C/C-projects/LAB8/studente.c [0ms]
[2022-05-13T08:50:48.217Z] > git check-ignore -v -z --stdin [0ms]
[2022-05-13T08:51:17.835Z] > git show --textconv :coding/C/C-projects/LAB8/test_studente.c [3ms]
[2022-05-13T08:51:17.835Z] > git ls-files --stage -- /home/asito/coding/C/C-projects/LAB8/test_studente.c [0ms]
[2022-05-13T08:51:19.643Z] > git show --textconv :coding/C/C-projects/LAB8/studente.c [2ms]
[2022-05-13T08:51:19.643Z] > git ls-files --stage -- /home/asito/coding/C/C-projects/LAB8/studente.c [0ms]
[2022-05-13T08:57:14.959Z] > git show --textconv :coding/C/C-projects/LAB8/test_studente.c [2ms]
[2022-05-13T08:57:14.960Z] > git ls-files --stage -- /home/asito/coding/C/C-projects/LAB8/test_studente.c [1ms]
[2022-05-13T08:59:55.129Z] > git ls-files --stage -- /home/asito/coding/C/C-projects/LAB8/studente.h [3ms]
[2022-05-13T08:59:55.129Z] > git ls-files --stage -- /home/asito/coding/C/C-projects/LAB8/test_studente.c [1ms]
[2022-05-13T08:59:55.137Z] > git show --textconv :coding/C/C-projects/LAB8/studente.h [3ms]
[2022-05-13T08:59:55.137Z] > git show --textconv :coding/C/C-projects/LAB8/test_studente.c [0ms]
[2022-05-13T09:00:50.357Z] > git show --textconv :coding/C/C-projects/LAB8/studente.c [2ms]
[2022-05-13T09:00:50.358Z] > git ls-files --stage -- /home/asito/coding/C/C-projects/LAB8/studente.c [1ms]
[2022-05-13T09:01:12.450Z] > git show --textconv :coding/C/C-projects/tris/board.c [3ms]
[2022-05-13T09:01:12.450Z] > git ls-files --stage -- /home/asito/coding/C/C-projects/tris/board.c [1ms]
[2022-05-13T09:01:15.559Z] > git show --textconv :coding/C/C-projects/LAB8/studente.c [2ms]
[2022-05-13T09:01:15.560Z] > git ls-files --stage -- /home/asito/coding/C/C-projects/LAB8/studente.c [1ms]
[2022-05-13T09:01:34.311Z] > git check-ignore -v -z --stdin [0ms]
[2022-05-13T09:06:51.572Z] > git show --textconv :coding/C/C-projects/LAB8/test_studente.c [2ms]
[2022-05-13T09:06:51.573Z] > git ls-files --stage -- /home/asito/coding/C/C-projects/LAB8/test_studente.c [1ms]
[2022-05-13T09:08:16.764Z] > git show --textconv :coding/C/C-projects/LAB8/studente.c [3ms]
[2022-05-13T09:08:16.764Z] > git ls-files --stage -- /home/asito/coding/C/C-projects/LAB8/studente.c [1ms]
[2022-05-13T09:11:04.958Z] > git show --textconv :coding/C/C-projects/LAB8/test_studente.c [2ms]
[2022-05-13T09:11:04.958Z] > git ls-files --stage -- /home/asito/coding/C/C-projects/LAB8/test_studente.c [0ms]
[2022-05-13T09:11:07.103Z] > git show --textconv :coding/C/C-projects/LAB8/studente.c [2ms]
[2022-05-13T09:11:07.103Z] > git ls-files --stage -- /home/asito/coding/C/C-projects/LAB8/studente.c [0ms]
[2022-05-13T09:12:08.067Z] > git show --textconv :coding/C/C-projects/LAB8/test_studente.c [2ms]
[2022-05-13T09:12:08.067Z] > git ls-files --stage -- /home/asito/coding/C/C-projects/LAB8/test_studente.c [0ms]
[2022-05-13T09:12:21.471Z] > git show --textconv :coding/C/C-projects/LAB8/studente.c [3ms]
[2022-05-13T09:12:21.471Z] > git ls-files --stage -- /home/asito/coding/C/C-projects/LAB8/studente.c [0ms]
[2022-05-13T09:12:24.273Z] > git show --textconv :coding/C/C-projects/LAB8/test_corso.c [2ms]
[2022-05-13T09:12:24.274Z] > git ls-files --stage -- /home/asito/coding/C/C-projects/LAB8/test_corso.c [1ms]
[2022-05-13T09:12:25.415Z] > git show --textconv :coding/C/C-projects/LAB8/studente.c [2ms]
[2022-05-13T09:12:25.416Z] > git ls-files --stage -- /home/asito/coding/C/C-projects/LAB8/studente.c [1ms]
[2022-05-13T09:15:16.459Z] > git show --textconv :coding/C/C-projects/LAB8/test_studente.c [2ms]
[2022-05-13T09:15:16.459Z] > git ls-files --stage -- /home/asito/coding/C/C-projects/LAB8/test_studente.c [0ms]
[2022-05-13T09:15:23.029Z] > git show --textconv :coding/C/C-projects/LAB8/studente.c [3ms]
[2022-05-13T09:15:23.029Z] > git ls-files --stage -- /home/asito/coding/C/C-projects/LAB8/studente.c [1ms]
[2022-05-13T09:16:16.056Z] > git show --textconv :coding/C/C-projects/LAB8/Makefile [2ms]
[2022-05-13T09:16:16.057Z] > git ls-files --stage -- /home/asito/coding/C/C-projects/LAB8/Makefile [1ms]
[2022-05-13T09:20:14.519Z] > git show --textconv :coding/C/C-projects/LAB8/corso.h [3ms]
[2022-05-13T09:20:14.519Z] > git ls-files --stage -- /home/asito/coding/C/C-projects/LAB8/corso.h [1ms]
[2022-05-13T09:21:43.841Z] > git show --textconv :coding/C/C-projects/LAB8/test_studente.c [2ms]
[2022-05-13T09:21:43.841Z] > git ls-files --stage -- /home/asito/coding/C/C-projects/LAB8/test_studente.c [0ms]
[2022-05-13T09:22:18.945Z] > git show --textconv :coding/C/C-projects/LAB8/test_corso.c [2ms]
[2022-05-13T09:22:18.946Z] > git ls-files --stage -- /home/asito/coding/C/C-projects/LAB8/test_corso.c [1ms]
[2022-05-13T09:22:39.765Z] > git show --textconv :coding/C/C-projects/LAB8/corso.c [2ms]
[2022-05-13T09:22:39.765Z] > git ls-files --stage -- /home/asito/coding/C/C-projects/LAB8/corso.c [0ms]
[2022-05-13T09:22:40.061Z] > git check-ignore -v -z --stdin [1ms]
[2022-05-13T09:25:59.598Z] > git show --textconv :coding/C/C-projects/LAB8/test_corso.c [2ms]
[2022-05-13T09:25:59.599Z] > git ls-files --stage -- /home/asito/coding/C/C-projects/LAB8/test_corso.c [1ms]
[2022-05-13T09:26:44.635Z] > git show --textconv :coding/C/C-projects/LAB8/corso.c [3ms]
[2022-05-13T09:26:44.635Z] > git ls-files --stage -- /home/asito/coding/C/C-projects/LAB8/corso.c [0ms]
[2022-05-13T09:27:33.841Z] > git show --textconv :coding/C/C-projects/LAB8/studente.c [3ms]
[2022-05-13T09:27:33.841Z] > git ls-files --stage -- /home/asito/coding/C/C-projects/LAB8/studente.c [0ms]
[2022-05-13T09:27:40.135Z] > git show --textconv :coding/C/C-projects/LAB8/corso.c [2ms]
[2022-05-13T09:27:40.135Z] > git ls-files --stage -- /home/asito/coding/C/C-projects/LAB8/corso.c [0ms]
[2022-05-13T09:32:03.655Z] > git check-ignore -v -z --stdin [0ms]
[2022-05-13T09:43:47.251Z] > git show --textconv :coding/C/C-projects/LAB8/studente.h [2ms]
[2022-05-13T09:43:47.251Z] > git ls-files --stage -- /home/asito/coding/C/C-projects/LAB8/studente.h [0ms]
[2022-05-13T09:47:41.318Z] > git show --textconv :coding/C/C-projects/LAB8/test_corso.c [2ms]
[2022-05-13T09:47:41.319Z] > git ls-files --stage -- /home/asito/coding/C/C-projects/LAB8/test_corso.c [1ms]
[2022-05-13T09:48:19.716Z] > git show --textconv :coding/C/C-projects/LAB8/corso.c [2ms]
[2022-05-13T09:48:19.717Z] > git ls-files --stage -- /home/asito/coding/C/C-projects/LAB8/corso.c [1ms]
[2022-05-13T09:51:13.006Z] > git show --textconv :coding/C/C-projects/LAB8/studenti.txt [2ms]
[2022-05-13T09:51:13.006Z] > git ls-files --stage -- /home/asito/coding/C/C-projects/LAB8/studenti.txt [0ms]
[2022-05-13T09:51:14.541Z] > git show --textconv :coding/C/C-projects/LAB8/test_parser.c [3ms]
[2022-05-13T09:51:14.541Z] > git ls-files --stage -- /home/asito/coding/C/C-projects/LAB8/test_parser.c [1ms]
[2022-05-13T09:51:26.570Z] > git show --textconv :coding/C/C-projects/LAB8/parser.h [3ms]
[2022-05-13T09:51:26.570Z] > git ls-files --stage -- /home/asito/coding/C/C-projects/LAB8/parser.h [1ms]
[2022-05-13T09:53:14.090Z] > git show --textconv :coding/C/C-projects/LAB8/studente.c [2ms]
[2022-05-13T09:53:14.091Z] > git ls-files --stage -- /home/asito/coding/C/C-projects/LAB8/studente.c [1ms]
[2022-05-13T09:54:02.598Z] > git show --textconv :coding/C/C-projects/LAB8/test_corso.c [3ms]
[2022-05-13T09:54:02.598Z] > git ls-files --stage -- /home/asito/coding/C/C-projects/LAB8/test_corso.c [1ms]
[2022-05-13T09:54:23.838Z] > git show --textconv :coding/C/C-projects/LAB8/corso.h [2ms]
[2022-05-13T09:54:23.839Z] > git ls-files --stage -- /home/asito/coding/C/C-projects/LAB8/corso.h [1ms]
[2022-05-13T09:55:41.310Z] > git show --textconv :coding/C/C-projects/LAB8/studenti.txt [3ms]
[2022-05-13T09:55:41.310Z] > git ls-files --stage -- /home/asito/coding/C/C-projects/LAB8/studenti.txt [1ms]
[2022-05-13T09:57:22.635Z] > git show --textconv :coding/C/C-projects/LAB8/corso.c [2ms]
[2022-05-13T09:57:22.636Z] > git ls-files --stage -- /home/asito/coding/C/C-projects/LAB8/corso.c [1ms]
[2022-05-13T09:57:34.482Z] > git show --textconv :coding/C/C-projects/LAB8/test_corso.c [3ms]
[2022-05-13T09:57:34.482Z] > git ls-files --stage -- /home/asito/coding/C/C-projects/LAB8/test_corso.c [0ms]
[2022-05-13T09:59:40.439Z] > git show --textconv :coding/C/C-projects/LAB8/corso.c [2ms]
[2022-05-13T09:59:40.440Z] > git ls-files --stage -- /home/asito/coding/C/C-projects/LAB8/corso.c [1ms]
[2022-05-13T09:59:46.448Z] > git show --textconv :coding/C/C-projects/LAB8/studente.c [2ms]
[2022-05-13T09:59:46.449Z] > git ls-files --stage -- /home/asito/coding/C/C-projects/LAB8/studente.c [1ms]
[2022-05-13T09:59:50.535Z] > git show --textconv :coding/C/C-projects/LAB8/corso.c [2ms]
[2022-05-13T09:59:50.536Z] > git ls-files --stage -- /home/asito/coding/C/C-projects/LAB8/corso.c [1ms]
[2022-05-13T09:59:54.281Z] > git show --textconv :coding/C/C-projects/LAB8/corso.h [3ms]
[2022-05-13T09:59:54.281Z] > git ls-files --stage -- /home/asito/coding/C/C-projects/LAB8/corso.h [0ms]
[2022-05-13T09:59:56.043Z] > git show --textconv :coding/C/C-projects/LAB8/test_corso.c [2ms]
[2022-05-13T09:59:56.043Z] > git ls-files --stage -- /home/asito/coding/C/C-projects/LAB8/test_corso.c [0ms]
[2022-05-13T10:04:53.746Z] > git show --textconv :coding/C/C-projects/LAB8/corso.c [2ms]
[2022-05-13T10:04:53.747Z] > git ls-files --stage -- /home/asito/coding/C/C-projects/LAB8/corso.c [1ms]
[2022-05-13T10:07:32.852Z] > git show --textconv :coding/C/C-projects/LAB8/test_corso.c [3ms]
[2022-05-13T10:07:32.852Z] > git ls-files --stage -- /home/asito/coding/C/C-projects/LAB8/test_corso.c [0ms]
[2022-05-13T10:07:46.590Z] > git show --textconv :coding/C/C-projects/LAB8/corso.c [4ms]
[2022-05-13T10:07:46.590Z] > git ls-files --stage -- /home/asito/coding/C/C-projects/LAB8/corso.c [1ms]
[2022-05-13T10:07:55.827Z] > git show --textconv :coding/C/C-projects/LAB8/test_corso.c [3ms]
[2022-05-13T10:07:55.827Z] > git ls-files --stage -- /home/asito/coding/C/C-projects/LAB8/test_corso.c [1ms]
[2022-05-13T10:08:02.402Z] > git ls-files --stage -- /home/asito/coding/C/C-projects/LAB8/corso.h [5ms]
[2022-05-13T10:08:02.402Z] > git ls-files --stage -- /home/asito/coding/C/C-projects/LAB8/test_corso.c [0ms]
[2022-05-13T10:08:02.412Z] > git show --textconv :coding/C/C-projects/LAB8/corso.h [4ms]
[2022-05-13T10:08:02.413Z] > git show --textconv :coding/C/C-projects/LAB8/test_corso.c [2ms]
