[2022-06-01T21:27:34.454Z] Validating found git in: git
[2022-06-01T21:27:34.478Z] Using git 2.36.1 from git
[2022-06-01T21:27:34.506Z] > git rev-parse --show-toplevel [23ms]
[2022-06-01T21:27:34.517Z] > git rev-parse --git-dir --git-common-dir [6ms]
[2022-06-01T21:27:34.519Z] Open repository: /home/asito/.config
[2022-06-01T21:27:34.573Z] > git status -z -uall [50ms]
[2022-06-01T21:27:34.577Z] > git symbolic-ref --short HEAD [1ms]
[2022-06-01T21:27:34.581Z] > git for-each-ref --format=%(refname)%00%(upstream:short)%00%(objectname)%00%(upstream:track)%00%(upstream:remotename)%00%(upstream:remoteref) refs/heads/heads/main refs/remotes/heads/main [1ms]
[2022-06-01T21:27:34.588Z] > git remote --verbose [1ms]
[2022-06-01T21:27:34.588Z] > git for-each-ref --sort -committerdate --format %(refname) %(objectname) %(*objectname) [4ms]
[2022-06-01T21:27:34.594Z] > git config --get commit.template [0ms]
[2022-06-01T21:27:34.840Z] > git show --textconv :dolphin-emu/Profiles/Wiimote/xbox.ini [3ms]
[2022-06-01T21:27:34.841Z] > git ls-files --stage -- /home/asito/.config/dolphin-emu/Profiles/Wiimote/xbox.ini [1ms]
[2022-06-01T21:27:35.045Z] > git check-ignore -v -z --stdin [2ms]
[2022-06-01T21:27:36.799Z] > git status -z -uall [13ms]
[2022-06-01T21:27:36.802Z] > git symbolic-ref --short HEAD [1ms]
[2022-06-01T21:27:36.805Z] > git for-each-ref --format=%(refname)%00%(upstream:short)%00%(objectname)%00%(upstream:track)%00%(upstream:remotename)%00%(upstream:remoteref) refs/heads/heads/main refs/remotes/heads/main [1ms]
[2022-06-01T21:27:36.810Z] > git for-each-ref --sort -committerdate --format %(refname) %(objectname) %(*objectname) [3ms]
[2022-06-01T21:27:36.810Z] > git remote --verbose [1ms]
[2022-06-01T21:27:36.815Z] > git config --get commit.template [1ms]
[2022-06-01T21:27:41.830Z] > git status -z -uall [11ms]
[2022-06-01T21:27:41.834Z] > git symbolic-ref --short HEAD [1ms]
[2022-06-01T21:27:41.837Z] > git for-each-ref --format=%(refname)%00%(upstream:short)%00%(objectname)%00%(upstream:track)%00%(upstream:remotename)%00%(upstream:remoteref) refs/heads/heads/main refs/remotes/heads/main [1ms]
[2022-06-01T21:27:41.842Z] > git for-each-ref --sort -committerdate --format %(refname) %(objectname) %(*objectname) [3ms]
[2022-06-01T21:27:41.842Z] > git remote --verbose [0ms]
[2022-06-01T21:27:41.847Z] > git config --get commit.template [0ms]
[2022-06-01T21:27:46.862Z] > git status -z -uall [12ms]
[2022-06-01T21:27:46.866Z] > git symbolic-ref --short HEAD [1ms]
[2022-06-01T21:27:46.869Z] > git for-each-ref --format=%(refname)%00%(upstream:short)%00%(objectname)%00%(upstream:track)%00%(upstream:remotename)%00%(upstream:remoteref) refs/heads/heads/main refs/remotes/heads/main [1ms]
[2022-06-01T21:27:46.874Z] > git for-each-ref --sort -committerdate --format %(refname) %(objectname) %(*objectname) [3ms]
[2022-06-01T21:27:46.874Z] > git remote --verbose [1ms]
[2022-06-01T21:27:46.878Z] > git config --get commit.template [1ms]
[2022-06-01T21:27:51.894Z] > git status -z -uall [12ms]
[2022-06-01T21:27:51.897Z] > git symbolic-ref --short HEAD [0ms]
[2022-06-01T21:27:51.900Z] > git for-each-ref --format=%(refname)%00%(upstream:short)%00%(objectname)%00%(upstream:track)%00%(upstream:remotename)%00%(upstream:remoteref) refs/heads/heads/main refs/remotes/heads/main [0ms]
[2022-06-01T21:27:51.905Z] > git for-each-ref --sort -committerdate --format %(refname) %(objectname) %(*objectname) [2ms]
[2022-06-01T21:27:51.905Z] > git remote --verbose [0ms]
[2022-06-01T21:27:51.910Z] > git config --get commit.template [1ms]
[2022-06-01T21:27:56.925Z] > git status -z -uall [13ms]
[2022-06-01T21:27:56.928Z] > git symbolic-ref --short HEAD [1ms]
[2022-06-01T21:27:56.930Z] > git for-each-ref --format=%(refname)%00%(upstream:short)%00%(objectname)%00%(upstream:track)%00%(upstream:remotename)%00%(upstream:remoteref) refs/heads/heads/main refs/remotes/heads/main [0ms]
[2022-06-01T21:27:56.935Z] > git for-each-ref --sort -committerdate --format %(refname) %(objectname) %(*objectname) [2ms]
[2022-06-01T21:27:56.935Z] > git remote --verbose [0ms]
[2022-06-01T21:27:56.939Z] > git config --get commit.template [0ms]
[2022-06-01T21:28:01.956Z] > git status -z -uall [13ms]
[2022-06-01T21:28:01.959Z] > git symbolic-ref --short HEAD [1ms]
[2022-06-01T21:28:01.962Z] > git for-each-ref --format=%(refname)%00%(upstream:short)%00%(objectname)%00%(upstream:track)%00%(upstream:remotename)%00%(upstream:remoteref) refs/heads/heads/main refs/remotes/heads/main [1ms]
[2022-06-01T21:28:01.967Z] > git for-each-ref --sort -committerdate --format %(refname) %(objectname) %(*objectname) [3ms]
[2022-06-01T21:28:01.967Z] > git remote --verbose [1ms]
[2022-06-01T21:28:01.971Z] > git config --get commit.template [1ms]
[2022-06-01T21:28:06.987Z] > git status -z -uall [13ms]
[2022-06-01T21:28:06.990Z] > git symbolic-ref --short HEAD [1ms]
[2022-06-01T21:28:06.992Z] > git for-each-ref --format=%(refname)%00%(upstream:short)%00%(objectname)%00%(upstream:track)%00%(upstream:remotename)%00%(upstream:remoteref) refs/heads/heads/main refs/remotes/heads/main [0ms]
[2022-06-01T21:28:06.997Z] > git for-each-ref --sort -committerdate --format %(refname) %(objectname) %(*objectname) [2ms]
[2022-06-01T21:28:06.997Z] > git remote --verbose [0ms]
[2022-06-01T21:28:07.001Z] > git config --get commit.template [0ms]
[2022-06-01T21:28:12.018Z] > git status -z -uall [13ms]
[2022-06-01T21:28:12.021Z] > git symbolic-ref --short HEAD [0ms]
[2022-06-01T21:28:12.024Z] > git for-each-ref --format=%(refname)%00%(upstream:short)%00%(objectname)%00%(upstream:track)%00%(upstream:remotename)%00%(upstream:remoteref) refs/heads/heads/main refs/remotes/heads/main [0ms]
[2022-06-01T21:28:12.029Z] > git for-each-ref --sort -committerdate --format %(refname) %(objectname) %(*objectname) [3ms]
[2022-06-01T21:28:12.029Z] > git remote --verbose [1ms]
[2022-06-01T21:28:12.033Z] > git config --get commit.template [1ms]
