[2022-06-01T21:32:15.035Z] Validating found git in: git
[2022-06-01T21:32:15.042Z] Using git 2.36.1 from git
[2022-06-01T21:32:15.049Z] > git rev-parse --show-toplevel [2ms]
[2022-06-01T21:32:15.053Z] > git rev-parse --git-dir --git-common-dir [1ms]
[2022-06-01T21:32:15.055Z] Open repository: /home/asito/.config
[2022-06-01T21:32:15.074Z] > git status -z -uall [16ms]
[2022-06-01T21:32:15.082Z] > git symbolic-ref --short HEAD [5ms]
[2022-06-01T21:32:15.106Z] > git for-each-ref --format=%(refname)%00%(upstream:short)%00%(objectname)%00%(upstream:track)%00%(upstream:remotename)%00%(upstream:remoteref) refs/heads/heads/main refs/remotes/heads/main [1ms]
[2022-06-01T21:32:15.112Z] > git remote --verbose [1ms]
[2022-06-01T21:32:15.113Z] > git for-each-ref --sort -committerdate --format %(refname) %(objectname) %(*objectname) [4ms]
[2022-06-01T21:32:15.119Z] > git config --get commit.template [1ms]
[2022-06-01T21:32:15.402Z] > git show --textconv :dolphin-emu/Profiles/Wiimote/xbox.ini [3ms]
[2022-06-01T21:32:15.403Z] > git ls-files --stage -- /home/asito/.config/dolphin-emu/Profiles/Wiimote/xbox.ini [1ms]
[2022-06-01T21:32:15.579Z] > git check-ignore -v -z --stdin [2ms]
[2022-06-01T21:32:17.325Z] > git status -z -uall [13ms]
[2022-06-01T21:32:17.329Z] > git symbolic-ref --short HEAD [1ms]
[2022-06-01T21:32:17.332Z] > git for-each-ref --format=%(refname)%00%(upstream:short)%00%(objectname)%00%(upstream:track)%00%(upstream:remotename)%00%(upstream:remoteref) refs/heads/heads/main refs/remotes/heads/main [1ms]
[2022-06-01T21:32:17.337Z] > git for-each-ref --sort -committerdate --format %(refname) %(objectname) %(*objectname) [3ms]
[2022-06-01T21:32:17.337Z] > git remote --verbose [1ms]
[2022-06-01T21:32:17.342Z] > git config --get commit.template [1ms]
[2022-06-01T21:32:22.359Z] > git status -z -uall [13ms]
[2022-06-01T21:32:22.362Z] > git symbolic-ref --short HEAD [0ms]
[2022-06-01T21:32:22.366Z] > git for-each-ref --format=%(refname)%00%(upstream:short)%00%(objectname)%00%(upstream:track)%00%(upstream:remotename)%00%(upstream:remoteref) refs/heads/heads/main refs/remotes/heads/main [1ms]
[2022-06-01T21:32:22.371Z] > git for-each-ref --sort -committerdate --format %(refname) %(objectname) %(*objectname) [3ms]
[2022-06-01T21:32:22.371Z] > git remote --verbose [1ms]
[2022-06-01T21:32:22.375Z] > git config --get commit.template [0ms]
[2022-06-01T21:32:27.392Z] > git status -z -uall [14ms]
[2022-06-01T21:32:27.395Z] > git symbolic-ref --short HEAD [1ms]
[2022-06-01T21:32:27.398Z] > git for-each-ref --format=%(refname)%00%(upstream:short)%00%(objectname)%00%(upstream:track)%00%(upstream:remotename)%00%(upstream:remoteref) refs/heads/heads/main refs/remotes/heads/main [1ms]
[2022-06-01T21:32:27.402Z] > git for-each-ref --sort -committerdate --format %(refname) %(objectname) %(*objectname) [2ms]
[2022-06-01T21:32:27.402Z] > git remote --verbose [0ms]
[2022-06-01T21:32:27.407Z] > git config --get commit.template [0ms]
[2022-06-01T21:32:32.424Z] > git status -z -uall [14ms]
[2022-06-01T21:32:32.427Z] > git symbolic-ref --short HEAD [0ms]
[2022-06-01T21:32:32.431Z] > git for-each-ref --format=%(refname)%00%(upstream:short)%00%(objectname)%00%(upstream:track)%00%(upstream:remotename)%00%(upstream:remoteref) refs/heads/heads/main refs/remotes/heads/main [1ms]
[2022-06-01T21:32:32.436Z] > git for-each-ref --sort -committerdate --format %(refname) %(objectname) %(*objectname) [3ms]
[2022-06-01T21:32:32.436Z] > git remote --verbose [1ms]
[2022-06-01T21:32:32.442Z] > git config --get commit.template [1ms]
[2022-06-01T21:32:37.459Z] > git status -z -uall [14ms]
[2022-06-01T21:32:37.462Z] > git symbolic-ref --short HEAD [1ms]
[2022-06-01T21:32:37.465Z] > git for-each-ref --format=%(refname)%00%(upstream:short)%00%(objectname)%00%(upstream:track)%00%(upstream:remotename)%00%(upstream:remoteref) refs/heads/heads/main refs/remotes/heads/main [1ms]
[2022-06-01T21:32:37.469Z] > git for-each-ref --sort -committerdate --format %(refname) %(objectname) %(*objectname) [2ms]
[2022-06-01T21:32:37.469Z] > git remote --verbose [0ms]
[2022-06-01T21:32:37.474Z] > git config --get commit.template [1ms]
[2022-06-01T21:32:42.490Z] > git status -z -uall [14ms]
[2022-06-01T21:32:42.493Z] > git symbolic-ref --short HEAD [1ms]
[2022-06-01T21:32:42.496Z] > git for-each-ref --format=%(refname)%00%(upstream:short)%00%(objectname)%00%(upstream:track)%00%(upstream:remotename)%00%(upstream:remoteref) refs/heads/heads/main refs/remotes/heads/main [1ms]
[2022-06-01T21:32:42.500Z] > git for-each-ref --sort -committerdate --format %(refname) %(objectname) %(*objectname) [2ms]
[2022-06-01T21:32:42.500Z] > git remote --verbose [0ms]
[2022-06-01T21:32:42.505Z] > git config --get commit.template [1ms]
[2022-06-01T21:32:47.521Z] > git status -z -uall [13ms]
[2022-06-01T21:32:47.524Z] > git symbolic-ref --short HEAD [1ms]
[2022-06-01T21:32:47.527Z] > git for-each-ref --format=%(refname)%00%(upstream:short)%00%(objectname)%00%(upstream:track)%00%(upstream:remotename)%00%(upstream:remoteref) refs/heads/heads/main refs/remotes/heads/main [1ms]
[2022-06-01T21:32:47.531Z] > git for-each-ref --sort -committerdate --format %(refname) %(objectname) %(*objectname) [2ms]
[2022-06-01T21:32:47.531Z] > git remote --verbose [0ms]
[2022-06-01T21:32:47.535Z] > git config --get commit.template [0ms]
[2022-06-01T21:32:52.553Z] > git status -z -uall [14ms]
[2022-06-01T21:32:52.556Z] > git symbolic-ref --short HEAD [1ms]
[2022-06-01T21:32:52.559Z] > git for-each-ref --format=%(refname)%00%(upstream:short)%00%(objectname)%00%(upstream:track)%00%(upstream:remotename)%00%(upstream:remoteref) refs/heads/heads/main refs/remotes/heads/main [1ms]
[2022-06-01T21:32:52.563Z] > git for-each-ref --sort -committerdate --format %(refname) %(objectname) %(*objectname) [2ms]
[2022-06-01T21:32:52.563Z] > git remote --verbose [0ms]
[2022-06-01T21:32:52.568Z] > git config --get commit.template [1ms]
[2022-06-01T21:32:57.584Z] > git status -z -uall [13ms]
[2022-06-01T21:32:57.587Z] > git symbolic-ref --short HEAD [0ms]
[2022-06-01T21:32:57.590Z] > git for-each-ref --format=%(refname)%00%(upstream:short)%00%(objectname)%00%(upstream:track)%00%(upstream:remotename)%00%(upstream:remoteref) refs/heads/heads/main refs/remotes/heads/main [0ms]
[2022-06-01T21:32:57.595Z] > git for-each-ref --sort -committerdate --format %(refname) %(objectname) %(*objectname) [3ms]
[2022-06-01T21:32:57.595Z] > git remote --verbose [1ms]
[2022-06-01T21:32:57.599Z] > git config --get commit.template [0ms]
[2022-06-01T21:34:09.183Z] > git status -z -uall [14ms]
[2022-06-01T21:34:09.186Z] > git symbolic-ref --short HEAD [1ms]
[2022-06-01T21:34:09.189Z] > git for-each-ref --format=%(refname)%00%(upstream:short)%00%(objectname)%00%(upstream:track)%00%(upstream:remotename)%00%(upstream:remoteref) refs/heads/heads/main refs/remotes/heads/main [1ms]
[2022-06-01T21:34:09.194Z] > git for-each-ref --sort -committerdate --format %(refname) %(objectname) %(*objectname) [3ms]
[2022-06-01T21:34:09.194Z] > git remote --verbose [1ms]
[2022-06-01T21:34:09.198Z] > git config --get commit.template [0ms]
[2022-06-01T21:34:55.335Z] > git status -z -uall [14ms]
[2022-06-01T21:34:55.338Z] > git symbolic-ref --short HEAD [0ms]
[2022-06-01T21:34:55.341Z] > git for-each-ref --format=%(refname)%00%(upstream:short)%00%(objectname)%00%(upstream:track)%00%(upstream:remotename)%00%(upstream:remoteref) refs/heads/heads/main refs/remotes/heads/main [0ms]
[2022-06-01T21:34:55.347Z] > git for-each-ref --sort -committerdate --format %(refname) %(objectname) %(*objectname) [3ms]
[2022-06-01T21:34:55.347Z] > git remote --verbose [1ms]
[2022-06-01T21:34:55.351Z] > git config --get commit.template [0ms]
[2022-06-01T21:35:00.368Z] > git status -z -uall [14ms]
[2022-06-01T21:35:00.371Z] > git symbolic-ref --short HEAD [1ms]
[2022-06-01T21:35:00.374Z] > git for-each-ref --format=%(refname)%00%(upstream:short)%00%(objectname)%00%(upstream:track)%00%(upstream:remotename)%00%(upstream:remoteref) refs/heads/heads/main refs/remotes/heads/main [1ms]
[2022-06-01T21:35:00.379Z] > git for-each-ref --sort -committerdate --format %(refname) %(objectname) %(*objectname) [3ms]
[2022-06-01T21:35:00.379Z] > git remote --verbose [1ms]
[2022-06-01T21:35:00.383Z] > git config --get commit.template [1ms]
[2022-06-01T21:35:05.398Z] > git status -z -uall [13ms]
[2022-06-01T21:35:05.402Z] > git symbolic-ref --short HEAD [1ms]
[2022-06-01T21:35:05.405Z] > git for-each-ref --format=%(refname)%00%(upstream:short)%00%(objectname)%00%(upstream:track)%00%(upstream:remotename)%00%(upstream:remoteref) refs/heads/heads/main refs/remotes/heads/main [1ms]
[2022-06-01T21:35:05.409Z] > git for-each-ref --sort -committerdate --format %(refname) %(objectname) %(*objectname) [2ms]
[2022-06-01T21:35:05.409Z] > git remote --verbose [0ms]
[2022-06-01T21:35:05.413Z] > git config --get commit.template [0ms]
[2022-06-01T21:35:10.430Z] > git status -z -uall [13ms]
[2022-06-01T21:35:10.434Z] > git symbolic-ref --short HEAD [1ms]
[2022-06-01T21:35:10.437Z] > git for-each-ref --format=%(refname)%00%(upstream:short)%00%(objectname)%00%(upstream:track)%00%(upstream:remotename)%00%(upstream:remoteref) refs/heads/heads/main refs/remotes/heads/main [0ms]
[2022-06-01T21:35:10.443Z] > git for-each-ref --sort -committerdate --format %(refname) %(objectname) %(*objectname) [3ms]
[2022-06-01T21:35:10.443Z] > git remote --verbose [0ms]
[2022-06-01T21:35:10.447Z] > git config --get commit.template [1ms]
[2022-06-01T21:35:15.463Z] > git status -z -uall [13ms]
[2022-06-01T21:35:15.466Z] > git symbolic-ref --short HEAD [1ms]
[2022-06-01T21:35:15.469Z] > git for-each-ref --format=%(refname)%00%(upstream:short)%00%(objectname)%00%(upstream:track)%00%(upstream:remotename)%00%(upstream:remoteref) refs/heads/heads/main refs/remotes/heads/main [1ms]
[2022-06-01T21:35:15.473Z] > git for-each-ref --sort -committerdate --format %(refname) %(objectname) %(*objectname) [2ms]
[2022-06-01T21:35:15.474Z] > git remote --verbose [1ms]
[2022-06-01T21:35:15.478Z] > git config --get commit.template [1ms]
[2022-06-01T21:35:20.494Z] > git status -z -uall [13ms]
[2022-06-01T21:35:20.498Z] > git symbolic-ref --short HEAD [1ms]
[2022-06-01T21:35:20.502Z] > git for-each-ref --format=%(refname)%00%(upstream:short)%00%(objectname)%00%(upstream:track)%00%(upstream:remotename)%00%(upstream:remoteref) refs/heads/heads/main refs/remotes/heads/main [1ms]
[2022-06-01T21:35:20.507Z] > git for-each-ref --sort -committerdate --format %(refname) %(objectname) %(*objectname) [3ms]
[2022-06-01T21:35:20.507Z] > git remote --verbose [0ms]
[2022-06-01T21:35:20.512Z] > git config --get commit.template [1ms]
[2022-06-01T21:35:25.528Z] > git status -z -uall [14ms]
[2022-06-01T21:35:25.531Z] > git symbolic-ref --short HEAD [0ms]
[2022-06-01T21:35:25.535Z] > git for-each-ref --format=%(refname)%00%(upstream:short)%00%(objectname)%00%(upstream:track)%00%(upstream:remotename)%00%(upstream:remoteref) refs/heads/heads/main refs/remotes/heads/main [1ms]
[2022-06-01T21:35:25.540Z] > git for-each-ref --sort -committerdate --format %(refname) %(objectname) %(*objectname) [3ms]
[2022-06-01T21:35:25.540Z] > git remote --verbose [0ms]
[2022-06-01T21:35:25.545Z] > git config --get commit.template [1ms]
[2022-06-01T21:35:30.561Z] > git status -z -uall [14ms]
[2022-06-01T21:35:30.564Z] > git symbolic-ref --short HEAD [0ms]
[2022-06-01T21:35:30.568Z] > git for-each-ref --format=%(refname)%00%(upstream:short)%00%(objectname)%00%(upstream:track)%00%(upstream:remotename)%00%(upstream:remoteref) refs/heads/heads/main refs/remotes/heads/main [1ms]
[2022-06-01T21:35:30.573Z] > git for-each-ref --sort -committerdate --format %(refname) %(objectname) %(*objectname) [3ms]
[2022-06-01T21:35:30.573Z] > git remote --verbose [0ms]
[2022-06-01T21:35:30.578Z] > git config --get commit.template [1ms]
[2022-06-01T21:35:35.594Z] > git status -z -uall [13ms]
[2022-06-01T21:35:35.598Z] > git symbolic-ref --short HEAD [1ms]
[2022-06-01T21:35:35.601Z] > git for-each-ref --format=%(refname)%00%(upstream:short)%00%(objectname)%00%(upstream:track)%00%(upstream:remotename)%00%(upstream:remoteref) refs/heads/heads/main refs/remotes/heads/main [1ms]
[2022-06-01T21:35:35.606Z] > git for-each-ref --sort -committerdate --format %(refname) %(objectname) %(*objectname) [3ms]
[2022-06-01T21:35:35.606Z] > git remote --verbose [1ms]
[2022-06-01T21:35:35.610Z] > git config --get commit.template [1ms]
[2022-06-01T21:35:40.626Z] > git status -z -uall [14ms]
[2022-06-01T21:35:40.629Z] > git symbolic-ref --short HEAD [0ms]
[2022-06-01T21:35:40.632Z] > git for-each-ref --format=%(refname)%00%(upstream:short)%00%(objectname)%00%(upstream:track)%00%(upstream:remotename)%00%(upstream:remoteref) refs/heads/heads/main refs/remotes/heads/main [0ms]
[2022-06-01T21:35:40.638Z] > git for-each-ref --sort -committerdate --format %(refname) %(objectname) %(*objectname) [3ms]
[2022-06-01T21:35:40.638Z] > git remote --verbose [1ms]
[2022-06-01T21:35:40.642Z] > git config --get commit.template [1ms]
[2022-06-01T21:41:02.972Z] > git status -z -uall [14ms]
[2022-06-01T21:41:02.976Z] > git symbolic-ref --short HEAD [1ms]
[2022-06-01T21:41:02.978Z] > git for-each-ref --format=%(refname)%00%(upstream:short)%00%(objectname)%00%(upstream:track)%00%(upstream:remotename)%00%(upstream:remoteref) refs/heads/heads/main refs/remotes/heads/main [0ms]
[2022-06-01T21:41:02.983Z] > git for-each-ref --sort -committerdate --format %(refname) %(objectname) %(*objectname) [2ms]
[2022-06-01T21:41:02.983Z] > git remote --verbose [0ms]
[2022-06-01T21:41:02.987Z] > git config --get commit.template [1ms]
[2022-06-01T21:41:08.681Z] > git status -z -uall [14ms]
[2022-06-01T21:41:08.684Z] > git symbolic-ref --short HEAD [1ms]
[2022-06-01T21:41:08.687Z] > git for-each-ref --format=%(refname)%00%(upstream:short)%00%(objectname)%00%(upstream:track)%00%(upstream:remotename)%00%(upstream:remoteref) refs/heads/heads/main refs/remotes/heads/main [1ms]
[2022-06-01T21:41:08.692Z] > git for-each-ref --sort -committerdate --format %(refname) %(objectname) %(*objectname) [3ms]
[2022-06-01T21:41:08.692Z] > git remote --verbose [1ms]
[2022-06-01T21:41:08.696Z] > git config --get commit.template [0ms]
