[2022-05-27T08:37:48.340Z] Validating found git in: git
[2022-05-27T08:37:48.350Z] Using git 2.36.1 from git
[2022-05-27T08:37:48.359Z] > git rev-parse --show-toplevel [2ms]
[2022-05-27T08:37:48.364Z] > git rev-parse --git-dir --git-common-dir [1ms]
[2022-05-27T08:37:48.368Z] Open repository: /home/asito
[2022-05-27T08:37:49.592Z] > git show --textconv :coding/C/C-projects/LAB8/corso.c [33ms]
[2022-05-27T08:37:49.592Z] > git show --textconv :coding/C/C-projects/LAB8/corso.h [31ms]
[2022-05-27T08:37:49.592Z] > git ls-files --stage -- /home/asito/coding/C/C-projects/LAB8/corso.h [26ms]
[2022-05-27T08:37:49.592Z] > git ls-files --stage -- /home/asito/coding/C/C-projects/LAB8/corso.c [28ms]
[2022-05-27T08:37:50.048Z] > git check-ignore -v -z --stdin [0ms]
[2022-05-27T08:37:52.748Z] > git status -z -uall [4376ms]
[2022-05-27T08:43:24.802Z] > git check-ignore -v -z --stdin [0ms]
[2022-05-27T08:43:26.344Z] > git check-ignore -v -z --stdin [0ms]
[2022-05-27T08:43:27.570Z] > git check-ignore -v -z --stdin [0ms]
[2022-05-27T08:43:30.332Z] > git check-ignore -v -z --stdin [1ms]
[2022-05-27T08:43:46.341Z] > git show --textconv :coding/C/LAB11/main_lista.c [2ms]
[2022-05-27T08:43:46.342Z] > git ls-files --stage -- /home/asito/coding/C/LAB11/main_lista.c [1ms]
[2022-05-27T08:43:48.483Z] > git show --textconv :coding/C/LAB11/lista.c [2ms]
[2022-05-27T08:43:48.484Z] > git ls-files --stage -- /home/asito/coding/C/LAB11/lista.c [1ms]
[2022-05-27T08:45:37.247Z] > git ls-files --stage -- /home/asito/coding/C/LAB11/main_lista.c [3ms]
[2022-05-27T08:45:37.247Z] > git ls-files --stage -- /home/asito/coding/C/LAB11/lista.c [1ms]
[2022-05-27T08:45:37.267Z] > git show --textconv :coding/C/LAB11/main_lista.c [2ms]
[2022-05-27T08:45:37.267Z] > git show --textconv :coding/C/LAB11/lista.c [0ms]
[2022-05-27T08:56:15.726Z] > git ls-files --stage -- /home/asito/coding/C/LAB11/main_lista.c [2ms]
[2022-05-27T08:56:15.726Z] > git ls-files --stage -- /home/asito/coding/C/LAB11/lista.c [0ms]
[2022-05-27T08:56:15.732Z] > git show --textconv :coding/C/LAB11/main_lista.c [2ms]
[2022-05-27T08:56:15.733Z] > git show --textconv :coding/C/LAB11/lista.c [1ms]
