[cli] INFO: Launching Sugar...
002c:fixme:winediag:LdrInitializeThunk wine-staging 6.12 is a testing version containing experimental patches.
002c:fixme:winediag:LdrInitializeThunk Please mention your exact version when filing bug reports on winehq.org.
MESA-INTEL: warning: Haswell Vulkan support is incomplete
0104:fixme:toolhelp:CreateToolhelp32Snapshot Unimplemented: heap list snapshot
0104:fixme:toolhelp:Heap32ListFirst : stub
0104:fixme:ntdll:NtQuerySystemInformation info_class SYSTEM_PERFORMANCE_INFORMATION
0104:err:winediag:check_version ntlm_auth was not found or is outdated. Make sure that ntlm_auth >= 3.0.25 is in your path. Usually, you can find it in the winbind package of your distribution.
0104:err:ntlm:ntlm_LsaApInitializePackage no NTLM support, expect problems
0104:fixme:heap:RtlSetHeapInformation 00000000009A0000 0 00000000004EECA0 4 stub
info:  Game: RocketLeague.exe
info:  DXVK: v1.9
info:  Built-in extension providers:
info:    Win32 WSI
info:    OpenVR
info:    OpenXR
info:  OpenVR: could not open registry key, status 2
warn:  OpenVR: Failed to locate module
info:  Enabled instance extensions:
info:    VK_KHR_get_surface_capabilities2
info:    VK_KHR_surface
info:    VK_KHR_win32_surface
MESA-INTEL: warning: Haswell Vulkan support is incomplete
info:  Intel(R) HD Graphics 4400 (HSW GT2):
info:    Driver: 21.1.3
info:    Vulkan: 1.2.168
info:    Memory Heap[0]: 
info:      Size: 1536 MiB
info:      Flags: 0x1
info:      Memory Type[0]: Property Flags = 0xf
info:  Adapter LUID 0: 0:3f6
info:  D3D11CoreCreateDevice: Probing D3D_FEATURE_LEVEL_11_0
info:  D3D11CoreCreateDevice: Using feature level D3D_FEATURE_LEVEL_11_0
info:  Device properties:
info:    Device name:     : Intel(R) HD Graphics 4400 (HSW GT2)
info:    Driver version   : 21.1.3
info:  Enabled device extensions:
info:    VK_EXT_4444_formats
info:    VK_EXT_depth_clip_enable
info:    VK_EXT_extended_dynamic_state
info:    VK_EXT_host_query_reset
info:    VK_EXT_robustness2
info:    VK_EXT_shader_demote_to_helper_invocation
info:    VK_EXT_shader_viewport_index_layer
info:    VK_EXT_transform_feedback
info:    VK_EXT_vertex_attribute_divisor
info:    VK_KHR_create_renderpass2
info:    VK_KHR_depth_stencil_resolve
info:    VK_KHR_draw_indirect_count
info:    VK_KHR_driver_properties
info:    VK_KHR_image_format_list
info:    VK_KHR_sampler_mirror_clamp_to_edge
info:    VK_KHR_swapchain
info:  Device features:
info:    robustBufferAccess                     : 1
info:    fullDrawIndexUint32                    : 1
info:    imageCubeArray                         : 1
info:    independentBlend                       : 1
info:    geometryShader                         : 1
info:    tessellationShader                     : 1
info:    sampleRateShading                      : 1
info:    dualSrcBlend                           : 1
info:    logicOp                                : 1
info:    multiDrawIndirect                      : 1
info:    drawIndirectFirstInstance              : 1
info:    depthClamp                             : 1
info:    depthBiasClamp                         : 1
info:    fillModeNonSolid                       : 1
info:    depthBounds                            : 0
info:    multiViewport                          : 1
info:    samplerAnisotropy                      : 1
info:    textureCompressionBC                   : 1
info:    occlusionQueryPrecise                  : 1
info:    pipelineStatisticsQuery                : 1
info:    vertexPipelineStoresAndAtomics         : 0
info:    fragmentStoresAndAtomics               : 1
info:    shaderImageGatherExtended              : 1
info:    shaderStorageImageExtendedFormats      : 0
info:    shaderStorageImageReadWithoutFormat    : 0
info:    shaderStorageImageWriteWithoutFormat   : 1
info:    shaderClipDistance                     : 1
info:    shaderCullDistance                     : 1
info:    shaderFloat64                          : 0
info:    shaderInt64                            : 0
info:    variableMultisampleRate                : 1
info:  VK_EXT_4444_formats
info:    formatA4R4G4B4                         : 1
info:    formatA4B4G4R4                         : 0
info:  VK_EXT_custom_border_color
info:    customBorderColors                     : 0
info:    customBorderColorWithoutFormat         : 0
info:  VK_EXT_depth_clip_enable
info:    depthClipEnable                        : 1
info:  VK_EXT_extended_dynamic_state
info:    extendedDynamicState                   : 1
info:  VK_EXT_host_query_reset
info:    hostQueryReset                         : 1
info:  VK_EXT_memory_priority
info:    memoryPriority                         : 0
info:  VK_EXT_robustness2
info:    robustBufferAccess2                    : 1
info:    robustImageAccess2                     : 1
info:    nullDescriptor                         : 1
info:  VK_EXT_shader_demote_to_helper_invocation
info:    shaderDemoteToHelperInvocation         : 1
info:  VK_EXT_transform_feedback
info:    transformFeedback                      : 1
info:    geometryStreams                        : 1
info:  VK_EXT_vertex_attribute_divisor
info:    vertexAttributeInstanceRateDivisor     : 1
info:    vertexAttributeInstanceRateZeroDivisor : 1
info:  Queue families:
info:    Graphics : 0
info:    Transfer : 0
info:  DXVK: Read 335 valid state cache entries
info:  DXVK: Using 2 compiler threads
info:  Game: RocketLeague.exe
info:  DXVK: v1.9
info:  Built-in extension providers:
info:    Win32 WSI
info:    OpenVR
info:    OpenXR
info:  OpenVR: could not open registry key, status 2
warn:  OpenVR: Failed to locate module
info:  Enabled instance extensions:
info:    VK_KHR_get_surface_capabilities2
info:    VK_KHR_surface
info:    VK_KHR_win32_surface
MESA-INTEL: warning: Haswell Vulkan support is incomplete
info:  Intel(R) HD Graphics 4400 (HSW GT2):
info:    Driver: 21.1.3
info:    Vulkan: 1.2.168
info:    Memory Heap[0]: 
info:      Size: 1536 MiB
info:      Flags: 0x1
info:      Memory Type[0]: Property Flags = 0xf
0104:fixme:nvapi:unimplemented_stub function 0xbe7692ec is unimplemented!
0104:fixme:nvapi:unimplemented_stub function 0x6c2d048c is unimplemented!
0160:fixme:ole:CoInitializeSecurity 0000000000000000, -1, 0000000000000000, 0000000000000000, 0, 3, 0000000000000000, 0, 0000000000000000 stub
0160:fixme:wbemprox:client_security_SetBlanket 00000002419C2D60, 0000000000566630, 10, 0, (null), 3, 3, 0000000000000000, 0x00000000
0160:fixme:wbemprox:client_security_Release 00000002419C2D60
info:  Game: RocketLeague.exe
info:  DXVK: v1.9
info:  Built-in extension providers:
info:    Win32 WSI
info:    OpenVR
info:    OpenXR
info:  OpenVR: could not open registry key, status 2
warn:  OpenVR: Failed to locate module
info:  Enabled instance extensions:
info:    VK_KHR_get_surface_capabilities2
info:    VK_KHR_surface
info:    VK_KHR_win32_surface
MESA-INTEL: warning: Haswell Vulkan support is incomplete
info:  Intel(R) HD Graphics 4400 (HSW GT2):
info:    Driver: 21.1.3
info:    Vulkan: 1.2.168
info:    Memory Heap[0]: 
info:      Size: 1536 MiB
info:      Flags: 0x1
info:      Memory Type[0]: Property Flags = 0xf
0104:fixme:system:SystemParametersInfoW Unimplemented action: 59 (SPI_SETSTICKYKEYS)
0104:fixme:system:SystemParametersInfoW Unimplemented action: 53 (SPI_SETTOGGLEKEYS)
0104:fixme:system:SystemParametersInfoW Unimplemented action: 51 (SPI_SETFILTERKEYS)
info:  D3D11CoreCreateDevice: Probing D3D_FEATURE_LEVEL_11_0
info:  D3D11CoreCreateDevice: Using feature level D3D_FEATURE_LEVEL_11_0
info:  Device properties:
info:    Device name:     : Intel(R) HD Graphics 4400 (HSW GT2)
info:    Driver version   : 21.1.3
info:  Enabled device extensions:
info:    VK_EXT_4444_formats
info:    VK_EXT_depth_clip_enable
info:    VK_EXT_extended_dynamic_state
info:    VK_EXT_host_query_reset
info:    VK_EXT_robustness2
info:    VK_EXT_shader_demote_to_helper_invocation
info:    VK_EXT_shader_viewport_index_layer
info:    VK_EXT_transform_feedback
info:    VK_EXT_vertex_attribute_divisor
info:    VK_KHR_create_renderpass2
info:    VK_KHR_depth_stencil_resolve
info:    VK_KHR_draw_indirect_count
info:    VK_KHR_driver_properties
info:    VK_KHR_image_format_list
info:    VK_KHR_sampler_mirror_clamp_to_edge
info:    VK_KHR_swapchain
info:  Device features:
info:    robustBufferAccess                     : 1
info:    fullDrawIndexUint32                    : 1
info:    imageCubeArray                         : 1
info:    independentBlend                       : 1
info:    geometryShader                         : 1
info:    tessellationShader                     : 1
info:    sampleRateShading                      : 1
info:    dualSrcBlend                           : 1
info:    logicOp                                : 1
info:    multiDrawIndirect                      : 1
info:    drawIndirectFirstInstance              : 1
info:    depthClamp                             : 1
info:    depthBiasClamp                         : 1
info:    fillModeNonSolid                       : 1
info:    depthBounds                            : 0
info:    multiViewport                          : 1
info:    samplerAnisotropy                      : 1
info:    textureCompressionBC                   : 1
info:    occlusionQueryPrecise                  : 1
info:    pipelineStatisticsQuery                : 1
info:    vertexPipelineStoresAndAtomics         : 0
info:    fragmentStoresAndAtomics               : 1
info:    shaderImageGatherExtended              : 1
info:    shaderStorageImageExtendedFormats      : 0
info:    shaderStorageImageReadWithoutFormat    : 0
info:    shaderStorageImageWriteWithoutFormat   : 1
info:    shaderClipDistance                     : 1
info:    shaderCullDistance                     : 1
info:    shaderFloat64                          : 0
info:    shaderInt64                            : 0
info:    variableMultisampleRate                : 1
info:  VK_EXT_4444_formats
info:    formatA4R4G4B4                         : 1
info:    formatA4B4G4R4                         : 0
info:  VK_EXT_custom_border_color
info:    customBorderColors                     : 0
info:    customBorderColorWithoutFormat         : 0
info:  VK_EXT_depth_clip_enable
info:    depthClipEnable                        : 1
info:  VK_EXT_extended_dynamic_state
info:    extendedDynamicState                   : 1
info:  VK_EXT_host_query_reset
info:    hostQueryReset                         : 1
info:  VK_EXT_memory_priority
info:    memoryPriority                         : 0
info:  VK_EXT_robustness2
info:    robustBufferAccess2                    : 1
info:    robustImageAccess2                     : 1
info:    nullDescriptor                         : 1
info:  VK_EXT_shader_demote_to_helper_invocation
info:    shaderDemoteToHelperInvocation         : 1
info:  VK_EXT_transform_feedback
info:    transformFeedback                      : 1
info:    geometryStreams                        : 1
info:  VK_EXT_vertex_attribute_divisor
info:    vertexAttributeInstanceRateDivisor     : 1
info:    vertexAttributeInstanceRateZeroDivisor : 1
info:  Queue families:
info:    Graphics : 0
info:    Transfer : 0
info:  DXVK: Read 335 valid state cache entries
info:  DXVK: Using 2 compiler threads
0060:fixme:mountmgr:harddisk_ioctl The DISK_PARTITION_INFO and DISK_DETECTION_INFO structures will not be filled
wine: Read access denied for device L"\\??\\Z:\\", FS volume label and serial are not available.
wine: Read access denied for device L"\\??\\Z:\\", FS volume label and serial are not available.
wine: Read access denied for device L"\\??\\Z:\\", FS volume label and serial are not available.
info:  Game: RocketLeague.exe
info:  DXVK: v1.9
info:  Built-in extension providers:
info:    Win32 WSI
info:    OpenVR
info:    OpenXR
info:  OpenVR: could not open registry key, status 2
warn:  OpenVR: Failed to locate module
info:  Enabled instance extensions:
info:    VK_KHR_get_surface_capabilities2
info:    VK_KHR_surface
info:    VK_KHR_win32_surface
MESA-INTEL: warning: Haswell Vulkan support is incomplete
info:  Intel(R) HD Graphics 4400 (HSW GT2):
info:    Driver: 21.1.3
info:    Vulkan: 1.2.168
info:    Memory Heap[0]: 
info:      Size: 1536 MiB
info:      Flags: 0x1
info:      Memory Type[0]: Property Flags = 0xf
info:  Presenter: Actual swap chain properties:
info:    Format:       VK_FORMAT_B8G8R8A8_UNORM
info:    Present mode: VK_PRESENT_MODE_IMMEDIATE_KHR
info:    Buffer size:  1920x1080
info:    Image count:  3
info:    Exclusive FS: 1
info:  Setting display mode: 1920x1080@60
warn:  DXGI: MakeWindowAssociation: Ignoring flags
0104:fixme:secur32:get_cipher_algid unknown algorithm 23
0104:fixme:secur32:get_mac_algid unknown algorithm 200, cipher 23
info:  Game: RocketLeague.exe
info:  DXVK: v1.9
info:  Built-in extension providers:
info:    Win32 WSI
info:    OpenVR
info:    OpenXR
info:  OpenVR: could not open registry key, status 2
warn:  OpenVR: Failed to locate module
info:  Enabled instance extensions:
info:    VK_KHR_get_surface_capabilities2
info:    VK_KHR_surface
info:    VK_KHR_win32_surface
MESA-INTEL: warning: Haswell Vulkan support is incomplete
warn:  D3D9: VK_FORMAT_D16_UNORM_S8_UINT -> VK_FORMAT_D24_UNORM_S8_UINT
info:  Intel(R) HD Graphics 4400 (HSW GT2):
info:    Driver: 21.1.3
info:    Vulkan: 1.2.168
info:    Memory Heap[0]: 
info:      Size: 1536 MiB
info:      Flags: 0x1
info:      Memory Type[0]: Property Flags = 0xf
info:  Process set as DPI aware
0104:fixme:imm:ImmReleaseContext (0000000000010064, 0000000000562D70): stub
info:  Presenter: Actual swap chain properties:
info:    Format:       VK_FORMAT_B8G8R8A8_UNORM
info:    Present mode: VK_PRESENT_MODE_IMMEDIATE_KHR
info:    Buffer size:  1920x1080
info:    Image count:  3
info:    Exclusive FS: 1
0104:fixme:secur32:get_cipher_algid unknown algorithm 23
0104:fixme:secur32:get_mac_algid unknown algorithm 200, cipher 23
0104:fixme:secur32:get_cipher_algid unknown algorithm 23
0104:fixme:secur32:get_mac_algid unknown algorithm 200, cipher 23
0104:fixme:secur32:get_cipher_algid unknown algorithm 23
0104:fixme:secur32:get_mac_algid unknown algorithm 200, cipher 23
0104:fixme:secur32:get_cipher_algid unknown algorithm 23
0104:fixme:secur32:get_mac_algid unknown algorithm 200, cipher 23
0104:fixme:secur32:get_cipher_algid unknown algorithm 23
0104:fixme:secur32:get_mac_algid unknown algorithm 200, cipher 23
0104:fixme:secur32:get_cipher_algid unknown algorithm 23
0104:fixme:secur32:get_mac_algid unknown algorithm 200, cipher 23
0104:fixme:secur32:get_cipher_algid unknown algorithm 23
0104:fixme:secur32:get_mac_algid unknown algorithm 200, cipher 23
0104:fixme:secur32:get_cipher_algid unknown algorithm 23
0104:fixme:secur32:get_mac_algid unknown algorithm 200, cipher 23
0104:fixme:secur32:get_cipher_algid unknown algorithm 23
0104:fixme:secur32:get_mac_algid unknown algorithm 200, cipher 23
0104:fixme:secur32:get_cipher_algid unknown algorithm 23
0104:fixme:secur32:get_mac_algid unknown algorithm 200, cipher 23
0104:fixme:secur32:get_cipher_algid unknown algorithm 23
0104:fixme:secur32:get_mac_algid unknown algorithm 200, cipher 23
0104:fixme:secur32:get_cipher_algid unknown algorithm 23
0104:fixme:secur32:get_mac_algid unknown algorithm 200, cipher 23
0104:fixme:secur32:get_cipher_algid unknown algorithm 23
0104:fixme:secur32:get_mac_algid unknown algorithm 200, cipher 23
0104:fixme:secur32:get_cipher_algid unknown algorithm 23
0104:fixme:secur32:get_mac_algid unknown algorithm 200, cipher 23
0104:fixme:secur32:get_cipher_algid unknown algorithm 23
0104:fixme:secur32:get_mac_algid unknown algorithm 200, cipher 23
0104:fixme:secur32:get_cipher_algid unknown algorithm 23
0104:fixme:secur32:get_mac_algid unknown algorithm 200, cipher 23
0104:fixme:secur32:get_cipher_algid unknown algorithm 23
0104:fixme:secur32:get_mac_algid unknown algorithm 200, cipher 23
0104:fixme:secur32:get_cipher_algid unknown algorithm 23
0104:fixme:secur32:get_mac_algid unknown algorithm 200, cipher 23
err:   DxvkMemoryAllocator: Memory allocation failed
err:     Size:      6553600
err:     Alignment: 4096
err:     Mem flags: 0x1
err:     Mem types: 0x1
err:   Heap 0: 1224 MB allocated, 964 MB used, 1247 MB allocated (driver), 1536 MB budget (driver), 1536 MB total
err:   DxvkMemoryAllocator: Memory allocation failed
01ac:fixme:faultrep:ReportFault 00000000257AE9C0 0x0 stub
0078:err:rpc:RpcAssoc_BindConnection receive failed with error 1726
